[2022-05-23 19:57:51]	[done]
	build successfully !

[2022-05-23 19:59:19]	compilation failed at : "f:\Station\EmbedPorj\beef\beef\src\main.c", exit code: 2
  at unify_builder.Program.Main (System.String[] args) [0x0178e] in <6d8c0f91f6d94a3cb9e4240f591355c3>:0 
---
C51 COMPILER V9.60.0.0 - SN: Eval Version
COPYRIGHT Copyright (C) 2012 - 2019 ARM Ltd and ARM Germany GmbH. All rights reserved.
*** ERROR C202 IN LINE 21 OF .\SRC\MAIN.C: 'P00': undefined identifier
C51 COMPILATION COMPLETE.  0 WARNING(S),  1 ERROR(S)

[2022-05-23 19:59:51]	compilation failed at : "f:\Station\EmbedPorj\beef\beef\src\main.c", exit code: 2
  at unify_builder.Program.Main (System.String[] args) [0x0178e] in <6d8c0f91f6d94a3cb9e4240f591355c3>:0 
---
C51 COMPILER V9.60.0.0 - SN: Eval Version
COPYRIGHT Copyright (C) 2012 - 2019 ARM Ltd and ARM Germany GmbH. All rights reserved.
*** ERROR C141 IN LINE 21 OF .\SRC\MAIN.C: syntax error near '=', expected ';'
C51 COMPILATION COMPLETE.  0 WARNING(S),  1 ERROR(S)

[2022-05-23 20:01:40]	[done]
	build successfully !

[2022-05-23 21:26:26]	compilation failed at : "f:\Station\EmbedPorj\beef\beef\src\main.c", exit code: 2
  at unify_builder.Program.Main (System.String[] args) [0x0178e] in <6d8c0f91f6d94a3cb9e4240f591355c3>:0 
---
C51 COMPILER V9.60.0.0 - SN: Eval Version
COPYRIGHT Copyright (C) 2012 - 2019 ARM Ltd and ARM Germany GmbH. All rights reserved.
*** WARNING C275 IN LINE 27 OF .\SRC\MAIN.C: expression with possibly no effect
*** ERROR C141 IN LINE 27 OF .\SRC\MAIN.C: syntax error near '=', expected '__asm'
C51 COMPILATION COMPLETE.  1 WARNING(S),  1 ERROR(S)

[2022-05-23 21:26:53]	compilation failed at : "f:\Station\EmbedPorj\beef\beef\src\main.c", exit code: 2
  at unify_builder.Program.Main (System.String[] args) [0x0178e] in <6d8c0f91f6d94a3cb9e4240f591355c3>:0 
---
C51 COMPILER V9.60.0.0 - SN: Eval Version
COPYRIGHT Copyright (C) 2012 - 2019 ARM Ltd and ARM Germany GmbH. All rights reserved.
*** ERROR C141 IN LINE 18 OF .\SRC\MAIN.C: syntax error near 'void', expected ';'
C51 COMPILATION COMPLETE.  0 WARNING(S),  1 ERROR(S)

[2022-05-23 21:27:46]	compilation failed at : "f:\Station\EmbedPorj\beef\beef\src\main.c", exit code: 2
  at unify_builder.Program.Main (System.String[] args) [0x0178e] in <6d8c0f91f6d94a3cb9e4240f591355c3>:0 
---
C51 COMPILER V9.60.0.0 - SN: Eval Version
COPYRIGHT Copyright (C) 2012 - 2019 ARM Ltd and ARM Germany GmbH. All rights reserved.
*** ERROR C141 IN LINE 18 OF .\SRC\MAIN.C: syntax error near 'void', expected ';'
C51 COMPILATION COMPLETE.  0 WARNING(S),  1 ERROR(S)

[2022-05-23 21:28:39]	[done]
	build successfully !

[2022-05-23 21:29:19]	[done]
	build successfully !

[2022-05-23 21:30:18]	[done]
	build successfully !

[2022-05-23 21:30:56]	[done]
	build successfully !

[2022-05-23 21:31:29]	[done]
	build successfully !

[2022-05-23 21:32:02]	[done]
	build successfully !

[2022-05-23 21:32:17]	[done]
	build successfully !

[2022-05-23 21:32:54]	[done]
	build successfully !

[2022-05-23 21:33:27]	[done]
	build successfully !

[2022-05-23 21:34:05]	[done]
	build successfully !

[2022-05-23 21:34:41]	[done]
	build successfully !

[2022-05-23 21:40:25]	[done]
	build successfully !

