C51 COMPILER V9.01   LED                                                                   05/20/2022 07:49:55 PAGE 1   


C51 COMPILER V9.01, COMPILATION OF MODULE LED
OBJECT MODULE PLACED IN LED.OBJ
COMPILER INVOKED BY: D:\Keil\C51\BIN\C51.EXE LED.c BROWSE DEBUG OBJECTEXTEND

line level    source

   1          #include <reg52.h>
   2          
   3          typedef unsigned int u16;
   4          typedef unsigned char u8;
   5          
   6          sbit LED_0 = P0^0;
   7          
   8          void sleep(u16 us)
   9          {
  10   1              while(us--);
  11   1      }
  12          
  13          int main()
  14          {
  15   1              while(1)
  16   1              {
  17   2                      LED_0 = 0; //点亮第一个LED
  18   2                      sleep(500000);//延迟450ms
  19   2                      LED_0 = 1; // 熄灭第一个LED
  20   2                      sleep(500000); // 延迟450ms
  21   2              }
  22   1      } 
  23          


MODULE INFORMATION:   STATIC OVERLAYABLE
   CODE SIZE        =     31    ----
   CONSTANT SIZE    =   ----    ----
   XDATA SIZE       =   ----    ----
   PDATA SIZE       =   ----    ----
   DATA SIZE        =   ----    ----
   IDATA SIZE       =   ----    ----
   BIT SIZE         =   ----    ----
END OF MODULE INFORMATION.


C51 COMPILATION COMPLETE.  0 WARNING(S),  0 ERROR(S)
