C51 COMPILER V9.60.0.0   24C02                                                             05/30/2022 22:44:23 PAGE 1   


C51 COMPILER V9.60.0.0, COMPILATION OF MODULE 24C02
OBJECT MODULE PLACED IN .\build\Target 1\App\24c02\24c02.o
COMPILER INVOKED BY: D:\Keil_v5\C51\BIN\C51.exe .\APP\24C02\24C02.C PRINT(.\build\Target 1\App\24c02\24c02.lst) OMF2 TAB
                    -S(4) CODE NOCOND SYMBOLS OPTIMIZE(8,SPEED) SMALL ROM(LARGE) INCDIR(D:/Keil_v5/C51/INC/Atmel;.\App\24c02;.\Public;.\App\i
                    -ic;.\App\key;.\App\smg;D:\Keil_v5\C51\INC) DEFINE(__UVISION_VERSION=526) OBJECT(.\build\Target 1\App\24c02\24c02.o)

line level    source

   1          #include "24c02.h"
   2          #include "iic.h"
   3          
   4          void at24c02_write_one_byte(u8 addr, u8 dat)
   5          {
   6   1          iic_start();
   7   1          iic_write_byte(0xA0);
   8   1          iic_wait_ack();
   9   1          iic_write_byte(addr);
  10   1          iic_wait_ack();
  11   1          iic_write_byte(dat);
  12   1          iic_wait_ack();
  13   1          iic_stop();
  14   1          delay_ms(10);
  15   1          
  16   1      }
  17          u8 at24c02_read_one_byte(u8 addr)
  18          {
  19   1          u8 tmp=0;
  20   1          iic_start();
  21   1          iic_wait_ack();
  22   1          iic_write_byte(addr);
  23   1          iic_wait_ack();
  24   1          iic_start();
  25   1          iic_write_byte(0xA1);
  26   1          iic_wait_ack();
  27   1          tmp = iic_read_byte(0);
  28   1          iic_stop();
  29   1          return tmp;
  30   1      
  31   1      }
C51 COMPILER V9.60.0.0   24C02                                                             05/30/2022 22:44:23 PAGE 2   

ASSEMBLY LISTING OF GENERATED OBJECT CODE


             ; FUNCTION _at24c02_write_one_byte (BEGIN)
                                           ; SOURCE LINE # 4
0000 8F00        R     MOV     addr,R7
0002 8D00        R     MOV     dat,R5
                                           ; SOURCE LINE # 5
                                           ; SOURCE LINE # 6
0004 120000      E     LCALL   iic_start
                                           ; SOURCE LINE # 7
0007 7FA0              MOV     R7,#0A0H
0009 120000      E     LCALL   _iic_write_byte
                                           ; SOURCE LINE # 8
000C 120000      E     LCALL   iic_wait_ack
                                           ; SOURCE LINE # 9
000F AF00        R     MOV     R7,addr
0011 120000      E     LCALL   _iic_write_byte
                                           ; SOURCE LINE # 10
0014 120000      E     LCALL   iic_wait_ack
                                           ; SOURCE LINE # 11
0017 AF00        R     MOV     R7,dat
0019 120000      E     LCALL   _iic_write_byte
                                           ; SOURCE LINE # 12
001C 120000      E     LCALL   iic_wait_ack
                                           ; SOURCE LINE # 13
001F 120000      E     LCALL   iic_stop
                                           ; SOURCE LINE # 14
0022 7F0A              MOV     R7,#0AH
0024 7E00              MOV     R6,#00H
0026 020000      E     LJMP    _delay_ms
             ; FUNCTION _at24c02_write_one_byte (END)

             ; FUNCTION _at24c02_read_one_byte (BEGIN)
                                           ; SOURCE LINE # 17
0000 8F00        R     MOV     addr,R7
                                           ; SOURCE LINE # 18
                                           ; SOURCE LINE # 19
0002 E4                CLR     A
0003 F500        R     MOV     tmp,A
                                           ; SOURCE LINE # 20
0005 120000      E     LCALL   iic_start
                                           ; SOURCE LINE # 21
0008 120000      E     LCALL   iic_wait_ack
                                           ; SOURCE LINE # 22
000B AF00        R     MOV     R7,addr
000D 120000      E     LCALL   _iic_write_byte
                                           ; SOURCE LINE # 23
0010 120000      E     LCALL   iic_wait_ack
                                           ; SOURCE LINE # 24
0013 120000      E     LCALL   iic_start
                                           ; SOURCE LINE # 25
0016 7FA1              MOV     R7,#0A1H
0018 120000      E     LCALL   _iic_write_byte
                                           ; SOURCE LINE # 26
001B 120000      E     LCALL   iic_wait_ack
                                           ; SOURCE LINE # 27
001E E4                CLR     A
001F FF                MOV     R7,A
0020 120000      E     LCALL   _iic_read_byte
0023 8F00        R     MOV     tmp,R7
                                           ; SOURCE LINE # 28
C51 COMPILER V9.60.0.0   24C02                                                             05/30/2022 22:44:23 PAGE 3   

0025 120000      E     LCALL   iic_stop
                                           ; SOURCE LINE # 29
0028 AF00        R     MOV     R7,tmp
                                           ; SOURCE LINE # 31
002A 22                RET     
             ; FUNCTION _at24c02_read_one_byte (END)

C51 COMPILER V9.60.0.0   24C02                                                             05/30/2022 22:44:23 PAGE 4   

NAME                                    CLASS   MSPACE  TYPE    OFFSET  SIZE
====                                    =====   ======  ====    ======  ====


P0 . . . . . . . . . . . . . . . . . .  SFR      DATA   U_CHAR   0080H  1
P1 . . . . . . . . . . . . . . . . . .  SFR      DATA   U_CHAR   0090H  1
P2 . . . . . . . . . . . . . . . . . .  SFR      DATA   U_CHAR   00A0H  1
P3 . . . . . . . . . . . . . . . . . .  SFR      DATA   U_CHAR   00B0H  1
T0 . . . . . . . . . . . . . . . . . .  ABSBIT   -----  BIT      00B4H  1
AC . . . . . . . . . . . . . . . . . .  ABSBIT   -----  BIT      00D6H  1
T1 . . . . . . . . . . . . . . . . . .  ABSBIT   -----  BIT      00B5H  1
T2 . . . . . . . . . . . . . . . . . .  ABSBIT   -----  BIT      0090H  1
EA . . . . . . . . . . . . . . . . . .  ABSBIT   -----  BIT      00AFH  1
IE . . . . . . . . . . . . . . . . . .  SFR      DATA   U_CHAR   00A8H  1
IIC_SDA. . . . . . . . . . . . . . . .  ABSBIT   -----  BIT      00A0H  1
EXF2 . . . . . . . . . . . . . . . . .  ABSBIT   -----  BIT      00CEH  1
RD . . . . . . . . . . . . . . . . . .  ABSBIT   -----  BIT      00B7H  1
ES . . . . . . . . . . . . . . . . . .  ABSBIT   -----  BIT      00ACH  1
IIC_SCL. . . . . . . . . . . . . . . .  ABSBIT   -----  BIT      00A1H  1
IP . . . . . . . . . . . . . . . . . .  SFR      DATA   U_CHAR   00B8H  1
RI . . . . . . . . . . . . . . . . . .  ABSBIT   -----  BIT      0098H  1
INT0 . . . . . . . . . . . . . . . . .  ABSBIT   -----  BIT      00B2H  1
CY . . . . . . . . . . . . . . . . . .  ABSBIT   -----  BIT      00D7H  1
TI . . . . . . . . . . . . . . . . . .  ABSBIT   -----  BIT      0099H  1
INT1 . . . . . . . . . . . . . . . . .  ABSBIT   -----  BIT      00B3H  1
RCAP2H . . . . . . . . . . . . . . . .  SFR      DATA   U_CHAR   00CBH  1
PS . . . . . . . . . . . . . . . . . .  ABSBIT   -----  BIT      00BCH  1
SP . . . . . . . . . . . . . . . . . .  SFR      DATA   U_CHAR   0081H  1
T2EX . . . . . . . . . . . . . . . . .  ABSBIT   -----  BIT      0091H  1
OV . . . . . . . . . . . . . . . . . .  ABSBIT   -----  BIT      00D2H  1
RCAP2L . . . . . . . . . . . . . . . .  SFR      DATA   U_CHAR   00CAH  1
C_T2 . . . . . . . . . . . . . . . . .  ABSBIT   -----  BIT      00C9H  1
WR . . . . . . . . . . . . . . . . . .  ABSBIT   -----  BIT      00B6H  1
u8 . . . . . . . . . . . . . . . . . .  TYPEDEF  -----  U_CHAR   -----  1
RCLK . . . . . . . . . . . . . . . . .  ABSBIT   -----  BIT      00CDH  1
TCLK . . . . . . . . . . . . . . . . .  ABSBIT   -----  BIT      00CCH  1
SBUF . . . . . . . . . . . . . . . . .  SFR      DATA   U_CHAR   0099H  1
PCON . . . . . . . . . . . . . . . . .  SFR      DATA   U_CHAR   0087H  1
SCON . . . . . . . . . . . . . . . . .  SFR      DATA   U_CHAR   0098H  1
TMOD . . . . . . . . . . . . . . . . .  SFR      DATA   U_CHAR   0089H  1
TCON . . . . . . . . . . . . . . . . .  SFR      DATA   U_CHAR   0088H  1
_at24c02_read_one_byte . . . . . . . .  PUBLIC   CODE   PROC     0000H  -----
  addr . . . . . . . . . . . . . . . .  AUTO     DATA   U_CHAR   0000H  1
  tmp. . . . . . . . . . . . . . . . .  AUTO     DATA   U_CHAR   0001H  1
IE0. . . . . . . . . . . . . . . . . .  ABSBIT   -----  BIT      0089H  1
IE1. . . . . . . . . . . . . . . . . .  ABSBIT   -----  BIT      008BH  1
B. . . . . . . . . . . . . . . . . . .  SFR      DATA   U_CHAR   00F0H  1
CP_RL2 . . . . . . . . . . . . . . . .  ABSBIT   -----  BIT      00C8H  1
ACC. . . . . . . . . . . . . . . . . .  SFR      DATA   U_CHAR   00E0H  1
iic_start. . . . . . . . . . . . . . .  EXTERN   CODE   PROC     -----  -----
ET0. . . . . . . . . . . . . . . . . .  ABSBIT   -----  BIT      00A9H  1
ET1. . . . . . . . . . . . . . . . . .  ABSBIT   -----  BIT      00ABH  1
TF0. . . . . . . . . . . . . . . . . .  ABSBIT   -----  BIT      008DH  1
ET2. . . . . . . . . . . . . . . . . .  ABSBIT   -----  BIT      00ADH  1
TF1. . . . . . . . . . . . . . . . . .  ABSBIT   -----  BIT      008FH  1
_iic_read_byte . . . . . . . . . . . .  EXTERN   CODE   PROC     -----  -----
TF2. . . . . . . . . . . . . . . . . .  ABSBIT   -----  BIT      00CFH  1
RB8. . . . . . . . . . . . . . . . . .  ABSBIT   -----  BIT      009AH  1
TH0. . . . . . . . . . . . . . . . . .  SFR      DATA   U_CHAR   008CH  1
_at24c02_write_one_byte. . . . . . . .  PUBLIC   CODE   PROC     0000H  -----
  addr . . . . . . . . . . . . . . . .  AUTO     DATA   U_CHAR   0000H  1
C51 COMPILER V9.60.0.0   24C02                                                             05/30/2022 22:44:23 PAGE 5   

NAME                                    CLASS   MSPACE  TYPE    OFFSET  SIZE
====                                    =====   ======  ====    ======  ====


  dat. . . . . . . . . . . . . . . . .  AUTO     DATA   U_CHAR   0001H  1
EX0. . . . . . . . . . . . . . . . . .  ABSBIT   -----  BIT      00A8H  1
IT0. . . . . . . . . . . . . . . . . .  ABSBIT   -----  BIT      0088H  1
TH1. . . . . . . . . . . . . . . . . .  SFR      DATA   U_CHAR   008DH  1
TB8. . . . . . . . . . . . . . . . . .  ABSBIT   -----  BIT      009BH  1
EX1. . . . . . . . . . . . . . . . . .  ABSBIT   -----  BIT      00AAH  1
IT1. . . . . . . . . . . . . . . . . .  ABSBIT   -----  BIT      008AH  1
TH2. . . . . . . . . . . . . . . . . .  SFR      DATA   U_CHAR   00CDH  1
P. . . . . . . . . . . . . . . . . . .  ABSBIT   -----  BIT      00D0H  1
SM0. . . . . . . . . . . . . . . . . .  ABSBIT   -----  BIT      009FH  1
TL0. . . . . . . . . . . . . . . . . .  SFR      DATA   U_CHAR   008AH  1
SM1. . . . . . . . . . . . . . . . . .  ABSBIT   -----  BIT      009EH  1
TL1. . . . . . . . . . . . . . . . . .  SFR      DATA   U_CHAR   008BH  1
SM2. . . . . . . . . . . . . . . . . .  ABSBIT   -----  BIT      009DH  1
TL2. . . . . . . . . . . . . . . . . .  SFR      DATA   U_CHAR   00CCH  1
_delay_ms. . . . . . . . . . . . . . .  EXTERN   CODE   PROC     -----  -----
PT0. . . . . . . . . . . . . . . . . .  ABSBIT   -----  BIT      00B9H  1
PT1. . . . . . . . . . . . . . . . . .  ABSBIT   -----  BIT      00BBH  1
RS0. . . . . . . . . . . . . . . . . .  ABSBIT   -----  BIT      00D3H  1
PT2. . . . . . . . . . . . . . . . . .  ABSBIT   -----  BIT      00BDH  1
TR0. . . . . . . . . . . . . . . . . .  ABSBIT   -----  BIT      008CH  1
RS1. . . . . . . . . . . . . . . . . .  ABSBIT   -----  BIT      00D4H  1
TR1. . . . . . . . . . . . . . . . . .  ABSBIT   -----  BIT      008EH  1
TR2. . . . . . . . . . . . . . . . . .  ABSBIT   -----  BIT      00CAH  1
PX0. . . . . . . . . . . . . . . . . .  ABSBIT   -----  BIT      00B8H  1
PX1. . . . . . . . . . . . . . . . . .  ABSBIT   -----  BIT      00BAH  1
_iic_write_byte. . . . . . . . . . . .  EXTERN   CODE   PROC     -----  -----
u16. . . . . . . . . . . . . . . . . .  TYPEDEF  -----  U_INT    -----  2
DPH. . . . . . . . . . . . . . . . . .  SFR      DATA   U_CHAR   0083H  1
iic_wait_ack . . . . . . . . . . . . .  EXTERN   CODE   PROC     -----  -----
iic_stop . . . . . . . . . . . . . . .  EXTERN   CODE   PROC     -----  -----
DPL. . . . . . . . . . . . . . . . . .  SFR      DATA   U_CHAR   0082H  1
EXEN2. . . . . . . . . . . . . . . . .  ABSBIT   -----  BIT      00CBH  1
REN. . . . . . . . . . . . . . . . . .  ABSBIT   -----  BIT      009CH  1
T2CON. . . . . . . . . . . . . . . . .  SFR      DATA   U_CHAR   00C8H  1
RXD. . . . . . . . . . . . . . . . . .  ABSBIT   -----  BIT      00B0H  1
TXD. . . . . . . . . . . . . . . . . .  ABSBIT   -----  BIT      00B1H  1
F0 . . . . . . . . . . . . . . . . . .  ABSBIT   -----  BIT      00D5H  1
PSW. . . . . . . . . . . . . . . . . .  SFR      DATA   U_CHAR   00D0H  1


MODULE INFORMATION:   STATIC OVERLAYABLE
   CODE SIZE        =     84    ----
   CONSTANT SIZE    =   ----    ----
   XDATA SIZE       =   ----    ----
   PDATA SIZE       =   ----    ----
   DATA SIZE        =   ----       4
   IDATA SIZE       =   ----    ----
   BIT SIZE         =   ----    ----
   EDATA SIZE       =   ----    ----
   HDATA SIZE       =   ----    ----
   XDATA CONST SIZE =   ----    ----
   FAR CONST SIZE   =   ----    ----
END OF MODULE INFORMATION.


C51 COMPILATION COMPLETE.  0 WARNING(S),  0 ERROR(S)
