[2022-05-25 20:44:35]	compilation failed at : "f:\Station\EmbedPorj\LEDMatrix\src\main.c", exit code: 2
  at unify_builder.Program.Main (System.String[] args) [0x0178e] in <6d8c0f91f6d94a3cb9e4240f591355c3>:0 
---
C51 COMPILER V9.60.0.0 - SN: Eval Version
COPYRIGHT Copyright (C) 2012 - 2019 ARM Ltd and ARM Germany GmbH. All rights reserved.
*** ERROR C163 IN LINE 20 OF .\SRC\MAIN.C: 'words_lib': unknown array size
*** ERROR C141 IN LINE 45 OF .\SRC\MAIN.C: syntax error near 'int', expected ';'
*** ERROR C141 IN LINE 46 OF .\SRC\MAIN.C: syntax error near '{', expected ';'
*** ERROR C231 IN LINE 48 OF .\SRC\MAIN.C: 'P0': redefinition
*** ERROR C231 IN LINE 48 OF .\SRC\MAIN.C: 'P0': redefinition
*** ERROR C141 IN LINE 49 OF .\SRC\MAIN.C: syntax error near 'while', expected 'hdata'
*** ERROR C141 IN LINE 49 OF .\SRC\MAIN.C: syntax error near '1', expected 'hdata'
*** ERROR C141 IN LINE 51 OF .\SRC\MAIN.C: syntax error near '=', expected ')'
*** ERROR C129 IN LINE 51 OF .\SRC\MAIN.C: missing ';' before '<'
C51 COMPILATION COMPLETE.  0 WARNING(S),  9 ERROR(S)

[2022-05-25 20:45:05]	compilation failed at : "f:\Station\EmbedPorj\LEDMatrix\src\main.c", exit code: 2
  at unify_builder.Program.Main (System.String[] args) [0x0178e] in <6d8c0f91f6d94a3cb9e4240f591355c3>:0 
---
C51 COMPILER V9.60.0.0 - SN: Eval Version
COPYRIGHT Copyright (C) 2012 - 2019 ARM Ltd and ARM Germany GmbH. All rights reserved.
*** ERROR C141 IN LINE 45 OF .\SRC\MAIN.C: syntax error near 'int', expected ';'
*** ERROR C141 IN LINE 46 OF .\SRC\MAIN.C: syntax error near '{', expected ';'
*** ERROR C231 IN LINE 48 OF .\SRC\MAIN.C: 'P0': redefinition
*** ERROR C231 IN LINE 48 OF .\SRC\MAIN.C: 'P0': redefinition
*** ERROR C141 IN LINE 49 OF .\SRC\MAIN.C: syntax error near 'while', expected 'hdata'
*** ERROR C141 IN LINE 49 OF .\SRC\MAIN.C: syntax error near '1', expected 'hdata'
*** ERROR C141 IN LINE 51 OF .\SRC\MAIN.C: syntax error near '=', expected ')'
*** ERROR C129 IN LINE 51 OF .\SRC\MAIN.C: missing ';' before '<'
C51 COMPILATION COMPLETE.  0 WARNING(S),  8 ERROR(S)

[2022-05-25 20:45:22]	compilation failed at : "f:\Station\EmbedPorj\LEDMatrix\src\main.c", exit code: 2
  at unify_builder.Program.Main (System.String[] args) [0x0178e] in <6d8c0f91f6d94a3cb9e4240f591355c3>:0 
---
C51 COMPILER V9.60.0.0 - SN: Eval Version
COPYRIGHT Copyright (C) 2012 - 2019 ARM Ltd and ARM Germany GmbH. All rights reserved.
*** ERROR C141 IN LINE 45 OF .\SRC\MAIN.C: syntax error near 'int', expected ';'
*** ERROR C141 IN LINE 46 OF .\SRC\MAIN.C: syntax error near '{', expected ';'
*** ERROR C231 IN LINE 48 OF .\SRC\MAIN.C: 'P0': redefinition
*** ERROR C231 IN LINE 48 OF .\SRC\MAIN.C: 'P0': redefinition
*** ERROR C141 IN LINE 49 OF .\SRC\MAIN.C: syntax error near 'while', expected 'hdata'
*** ERROR C141 IN LINE 49 OF .\SRC\MAIN.C: syntax error near '1', expected 'hdata'
*** ERROR C141 IN LINE 51 OF .\SRC\MAIN.C: syntax error near '=', expected ')'
*** ERROR C129 IN LINE 51 OF .\SRC\MAIN.C: missing ';' before '<'
C51 COMPILATION COMPLETE.  0 WARNING(S),  8 ERROR(S)

[2022-05-25 20:45:34]	compilation failed at : "f:\Station\EmbedPorj\LEDMatrix\src\main.c", exit code: 2
  at unify_builder.Program.Main (System.String[] args) [0x0178e] in <6d8c0f91f6d94a3cb9e4240f591355c3>:0 
---
C51 COMPILER V9.60.0.0 - SN: Eval Version
COPYRIGHT Copyright (C) 2012 - 2019 ARM Ltd and ARM Germany GmbH. All rights reserved.
*** ERROR C249 IN LINE 63 OF .\SRC\MAIN.C: 'DATA': SEGMENT TOO LARGE
C51 COMPILATION COMPLETE.  0 WARNING(S),  1 ERROR(S)

[2022-05-25 20:47:19]	link failed !, exit code: 2
  at unify_builder.Program.Main (System.String[] args) [0x01932] in <6d8c0f91f6d94a3cb9e4240f591355c3>:0 
---
LX51 LINKER/LOCATER V4.66.97.0 - SN: Eval Version
COPYRIGHT ARM Germany GmbH 1995 - 2019
@f:\Station\EmbedPorj\LEDMatrix\build\Debug\LEDMatrix.lnp 
.\build\Debug\src\main.o TO .\build\Debug\LEDMatrix
PRINT(.\build\Debug\LEDMatrix.map) REMOVEUNUSED
*** ERROR L107: ADDRESS SPACE OVERFLOW
    SPACE:   DATA
    SEGMENT: ?DT?MAIN
    LENGTH:  000080H   
******************************************************************************
* RESTRICTED VERSION WITH 0800H BYTE CODE SIZE LIMIT; USED: 0139H BYTE (15%) *
******************************************************************************
Program Size: data=138.0 xdata=0 const=0 code=415
LX51 RUN COMPLETE.  0 WARNING(S),  1 ERROR(S)


[2022-05-25 20:48:01]	[done]
	build successfully !

[2022-05-25 21:11:42]	compilation failed at : "f:\Station\EmbedPorj\LEDMatrix\src\main.c", exit code: 2
  at unify_builder.Program.Main (System.String[] args) [0x0178e] in <6d8c0f91f6d94a3cb9e4240f591355c3>:0 
---
C51 COMPILER V9.60.0.0 - SN: Eval Version
COPYRIGHT Copyright (C) 2012 - 2019 ARM Ltd and ARM Germany GmbH. All rights reserved.
*** ERROR C141 IN LINE 58 OF .\SRC\MAIN.C: syntax error near 'int', expected ';'
*** ERROR C141 IN LINE 59 OF .\SRC\MAIN.C: syntax error near '{', expected ';'
*** ERROR C231 IN LINE 61 OF .\SRC\MAIN.C: 'P0': redefinition
*** ERROR C231 IN LINE 61 OF .\SRC\MAIN.C: 'P0': redefinition
*** ERROR C141 IN LINE 62 OF .\SRC\MAIN.C: syntax error near 'while', expected 'hdata'
*** ERROR C141 IN LINE 62 OF .\SRC\MAIN.C: syntax error near '1', expected 'hdata'
*** ERROR C141 IN LINE 64 OF .\SRC\MAIN.C: syntax error near '=', expected ')'
*** ERROR C129 IN LINE 64 OF .\SRC\MAIN.C: missing ';' before '<'
C51 COMPILATION COMPLETE.  0 WARNING(S),  8 ERROR(S)

[2022-05-25 21:11:53]	compilation failed at : "f:\Station\EmbedPorj\LEDMatrix\src\main.c", exit code: 2
  at unify_builder.Program.Main (System.String[] args) [0x0178e] in <6d8c0f91f6d94a3cb9e4240f591355c3>:0 
---
C51 COMPILER V9.60.0.0 - SN: Eval Version
COPYRIGHT Copyright (C) 2012 - 2019 ARM Ltd and ARM Germany GmbH. All rights reserved.
*** ERROR C249 IN LINE 77 OF .\SRC\MAIN.C: 'DATA': SEGMENT TOO LARGE
C51 COMPILATION COMPLETE.  0 WARNING(S),  1 ERROR(S)

[2022-05-25 21:12:33]	[done]
	build successfully !

[2022-05-25 21:13:09]	[done]
	build successfully !

[2022-05-25 21:14:50]	[done]
	build successfully !

[2022-05-25 21:27:58]	[done]
	build successfully !

[2022-05-25 21:29:00]	[done]
	build successfully !

[2022-05-25 21:30:11]	[done]
	build successfully !

[2022-05-25 21:30:53]	[done]
	build successfully !

[2022-05-25 21:43:18]	[done]
	build successfully !

[2022-05-25 21:46:39]	[done]
	build successfully !

[2022-05-26 05:56:36]	[done]
	build successfully !

[2022-05-26 05:58:07]	[done]
	build successfully !

[2022-05-26 06:00:45]	[done]
	build successfully !

[2022-05-26 06:14:58]	[done]
	build successfully !

