C51 COMPILER V9.60.0.0   KEY                                                               05/30/2022 22:44:23 PAGE 1   


C51 COMPILER V9.60.0.0, COMPILATION OF MODULE KEY
OBJECT MODULE PLACED IN .\build\Target 1\App\key\key.o
COMPILER INVOKED BY: D:\Keil_v5\C51\BIN\C51.exe .\APP\KEY\KEY.C PRINT(.\build\Target 1\App\key\key.lst) OMF2 TABS(4) COD
                    -E NOCOND SYMBOLS OPTIMIZE(8,SPEED) SMALL ROM(LARGE) INCDIR(D:/Keil_v5/C51/INC/Atmel;.\App\24c02;.\Public;.\App\iic;.\App
                    -\key;.\App\smg;D:\Keil_v5\C51\INC) DEFINE(__UVISION_VERSION=526) OBJECT(.\build\Target 1\App\key\key.o)

line level    source

   1          #include "key.h"
   2          
   3          u8 key_scan(u8 mode)
   4          {
   5   1          static u8 key = 1;
   6   1      
   7   1          if (mode)
   8   1              key = 1;
   9   1      
  10   1          if (key == 1 && (key1 == 0 || key2 == 0 || key3 == 0 || key4 == 0))
  11   1          {
  12   2              delay_10us(1000); //消抖
  13   2              key = 0;
  14   2              if (key1 == 0)
  15   2                  return KEY1_PRESS;
  16   2              else if (key2 == 0)
  17   2                  return KEY2_PRESS;
  18   2              else if (key3 == 0)
  19   2                  return KEY3_PRESS;
  20   2              else if (key4 == 0)
  21   2                  return KEY4_PRESS;
  22   2          }
  23   1          else if (key1 == 1 && key2 == 1 && key3 == 1 && key4 == 1)
  24   1              key = 1;
  25   1          return KEY_UNPRESS;
  26   1      }
C51 COMPILER V9.60.0.0   KEY                                                               05/30/2022 22:44:23 PAGE 2   

ASSEMBLY LISTING OF GENERATED OBJECT CODE


             ; FUNCTION _key_scan (BEGIN)
                                           ; SOURCE LINE # 3
;---- Variable 'mode' assigned to Register 'R7' ----
                                           ; SOURCE LINE # 4
                                           ; SOURCE LINE # 7
0000 EF                MOV     A,R7
0001 6003              JZ      ?C0001
                                           ; SOURCE LINE # 8
0003 750001      R     MOV     key,#01H
0006         ?C0001:
                                           ; SOURCE LINE # 10
0006 E500        R     MOV     A,key
0008 6401              XRL     A,#01H
000A 702E              JNZ     ?C0002
000C 30B109            JNB     key1,?C0003
000F 30B006            JNB     key2,?C0003
0012 30B203            JNB     key3,?C0003
0015 20B322            JB      key4,?C0002
0018         ?C0003:
                                           ; SOURCE LINE # 11
                                           ; SOURCE LINE # 12
0018 7FE8              MOV     R7,#0E8H
001A 7E03              MOV     R6,#03H
001C 120000      E     LCALL   _delay_10us
                                           ; SOURCE LINE # 13
001F E4                CLR     A
0020 F500        R     MOV     key,A
                                           ; SOURCE LINE # 14
0022 20B103            JB      key1,?C0004
                                           ; SOURCE LINE # 15
0025 7F01              MOV     R7,#01H
0027 22                RET     
0028         ?C0004:
                                           ; SOURCE LINE # 16
0028 20B003            JB      key2,?C0007
                                           ; SOURCE LINE # 17
002B 7F02              MOV     R7,#02H
002D 22                RET     
002E         ?C0007:
                                           ; SOURCE LINE # 18
002E 20B203            JB      key3,?C0009
                                           ; SOURCE LINE # 19
0031 7F03              MOV     R7,#03H
0033 22                RET     
0034         ?C0009:
                                           ; SOURCE LINE # 20
0034 20B312            JB      key4,?C0012
                                           ; SOURCE LINE # 21
0037 7F04              MOV     R7,#04H
0039 22                RET     
                                           ; SOURCE LINE # 22
003A         ?C0002:
                                           ; SOURCE LINE # 23
003A 30B10C            JNB     key1,?C0012
003D 30B009            JNB     key2,?C0012
0040 30B206            JNB     key3,?C0012
0043 30B303            JNB     key4,?C0012
                                           ; SOURCE LINE # 24
0046 750001      R     MOV     key,#01H
C51 COMPILER V9.60.0.0   KEY                                                               05/30/2022 22:44:23 PAGE 3   

0049         ?C0012:
                                           ; SOURCE LINE # 25
0049 7F00              MOV     R7,#00H
                                           ; SOURCE LINE # 26
004B         ?C0005:
004B 22                RET     
             ; FUNCTION _key_scan (END)

C51 COMPILER V9.60.0.0   KEY                                                               05/30/2022 22:44:23 PAGE 4   

NAME                                    CLASS   MSPACE  TYPE    OFFSET  SIZE
====                                    =====   ======  ====    ======  ====


key4 . . . . . . . . . . . . . . . . .  ABSBIT   -----  BIT      00B3H  1
P0 . . . . . . . . . . . . . . . . . .  SFR      DATA   U_CHAR   0080H  1
P1 . . . . . . . . . . . . . . . . . .  SFR      DATA   U_CHAR   0090H  1
P2 . . . . . . . . . . . . . . . . . .  SFR      DATA   U_CHAR   00A0H  1
P3 . . . . . . . . . . . . . . . . . .  SFR      DATA   U_CHAR   00B0H  1
T0 . . . . . . . . . . . . . . . . . .  ABSBIT   -----  BIT      00B4H  1
AC . . . . . . . . . . . . . . . . . .  ABSBIT   -----  BIT      00D6H  1
T1 . . . . . . . . . . . . . . . . . .  ABSBIT   -----  BIT      00B5H  1
T2 . . . . . . . . . . . . . . . . . .  ABSBIT   -----  BIT      0090H  1
EA . . . . . . . . . . . . . . . . . .  ABSBIT   -----  BIT      00AFH  1
IE . . . . . . . . . . . . . . . . . .  SFR      DATA   U_CHAR   00A8H  1
EXF2 . . . . . . . . . . . . . . . . .  ABSBIT   -----  BIT      00CEH  1
RD . . . . . . . . . . . . . . . . . .  ABSBIT   -----  BIT      00B7H  1
ES . . . . . . . . . . . . . . . . . .  ABSBIT   -----  BIT      00ACH  1
IP . . . . . . . . . . . . . . . . . .  SFR      DATA   U_CHAR   00B8H  1
RI . . . . . . . . . . . . . . . . . .  ABSBIT   -----  BIT      0098H  1
INT0 . . . . . . . . . . . . . . . . .  ABSBIT   -----  BIT      00B2H  1
CY . . . . . . . . . . . . . . . . . .  ABSBIT   -----  BIT      00D7H  1
TI . . . . . . . . . . . . . . . . . .  ABSBIT   -----  BIT      0099H  1
INT1 . . . . . . . . . . . . . . . . .  ABSBIT   -----  BIT      00B3H  1
RCAP2H . . . . . . . . . . . . . . . .  SFR      DATA   U_CHAR   00CBH  1
PS . . . . . . . . . . . . . . . . . .  ABSBIT   -----  BIT      00BCH  1
SP . . . . . . . . . . . . . . . . . .  SFR      DATA   U_CHAR   0081H  1
T2EX . . . . . . . . . . . . . . . . .  ABSBIT   -----  BIT      0091H  1
OV . . . . . . . . . . . . . . . . . .  ABSBIT   -----  BIT      00D2H  1
RCAP2L . . . . . . . . . . . . . . . .  SFR      DATA   U_CHAR   00CAH  1
C_T2 . . . . . . . . . . . . . . . . .  ABSBIT   -----  BIT      00C9H  1
WR . . . . . . . . . . . . . . . . . .  ABSBIT   -----  BIT      00B6H  1
u8 . . . . . . . . . . . . . . . . . .  TYPEDEF  -----  U_CHAR   -----  1
RCLK . . . . . . . . . . . . . . . . .  ABSBIT   -----  BIT      00CDH  1
TCLK . . . . . . . . . . . . . . . . .  ABSBIT   -----  BIT      00CCH  1
SBUF . . . . . . . . . . . . . . . . .  SFR      DATA   U_CHAR   0099H  1
PCON . . . . . . . . . . . . . . . . .  SFR      DATA   U_CHAR   0087H  1
SCON . . . . . . . . . . . . . . . . .  SFR      DATA   U_CHAR   0098H  1
TMOD . . . . . . . . . . . . . . . . .  SFR      DATA   U_CHAR   0089H  1
TCON . . . . . . . . . . . . . . . . .  SFR      DATA   U_CHAR   0088H  1
_delay_10us. . . . . . . . . . . . . .  EXTERN   CODE   PROC     -----  -----
IE0. . . . . . . . . . . . . . . . . .  ABSBIT   -----  BIT      0089H  1
IE1. . . . . . . . . . . . . . . . . .  ABSBIT   -----  BIT      008BH  1
B. . . . . . . . . . . . . . . . . . .  SFR      DATA   U_CHAR   00F0H  1
CP_RL2 . . . . . . . . . . . . . . . .  ABSBIT   -----  BIT      00C8H  1
ACC. . . . . . . . . . . . . . . . . .  SFR      DATA   U_CHAR   00E0H  1
ET0. . . . . . . . . . . . . . . . . .  ABSBIT   -----  BIT      00A9H  1
ET1. . . . . . . . . . . . . . . . . .  ABSBIT   -----  BIT      00ABH  1
TF0. . . . . . . . . . . . . . . . . .  ABSBIT   -----  BIT      008DH  1
ET2. . . . . . . . . . . . . . . . . .  ABSBIT   -----  BIT      00ADH  1
TF1. . . . . . . . . . . . . . . . . .  ABSBIT   -----  BIT      008FH  1
TF2. . . . . . . . . . . . . . . . . .  ABSBIT   -----  BIT      00CFH  1
RB8. . . . . . . . . . . . . . . . . .  ABSBIT   -----  BIT      009AH  1
TH0. . . . . . . . . . . . . . . . . .  SFR      DATA   U_CHAR   008CH  1
EX0. . . . . . . . . . . . . . . . . .  ABSBIT   -----  BIT      00A8H  1
IT0. . . . . . . . . . . . . . . . . .  ABSBIT   -----  BIT      0088H  1
TH1. . . . . . . . . . . . . . . . . .  SFR      DATA   U_CHAR   008DH  1
TB8. . . . . . . . . . . . . . . . . .  ABSBIT   -----  BIT      009BH  1
EX1. . . . . . . . . . . . . . . . . .  ABSBIT   -----  BIT      00AAH  1
IT1. . . . . . . . . . . . . . . . . .  ABSBIT   -----  BIT      008AH  1
TH2. . . . . . . . . . . . . . . . . .  SFR      DATA   U_CHAR   00CDH  1
C51 COMPILER V9.60.0.0   KEY                                                               05/30/2022 22:44:23 PAGE 5   

NAME                                    CLASS   MSPACE  TYPE    OFFSET  SIZE
====                                    =====   ======  ====    ======  ====


P. . . . . . . . . . . . . . . . . . .  ABSBIT   -----  BIT      00D0H  1
SM0. . . . . . . . . . . . . . . . . .  ABSBIT   -----  BIT      009FH  1
TL0. . . . . . . . . . . . . . . . . .  SFR      DATA   U_CHAR   008AH  1
SM1. . . . . . . . . . . . . . . . . .  ABSBIT   -----  BIT      009EH  1
TL1. . . . . . . . . . . . . . . . . .  SFR      DATA   U_CHAR   008BH  1
_key_scan. . . . . . . . . . . . . . .  PUBLIC   CODE   PROC     0000H  -----
  mode . . . . . . . . . . . . . . . .  * REG *  DATA   U_CHAR   0007H  1
  key. . . . . . . . . . . . . . . . .  STATIC   DATA   U_CHAR   0000H  1
SM2. . . . . . . . . . . . . . . . . .  ABSBIT   -----  BIT      009DH  1
TL2. . . . . . . . . . . . . . . . . .  SFR      DATA   U_CHAR   00CCH  1
PT0. . . . . . . . . . . . . . . . . .  ABSBIT   -----  BIT      00B9H  1
PT1. . . . . . . . . . . . . . . . . .  ABSBIT   -----  BIT      00BBH  1
RS0. . . . . . . . . . . . . . . . . .  ABSBIT   -----  BIT      00D3H  1
PT2. . . . . . . . . . . . . . . . . .  ABSBIT   -----  BIT      00BDH  1
TR0. . . . . . . . . . . . . . . . . .  ABSBIT   -----  BIT      008CH  1
RS1. . . . . . . . . . . . . . . . . .  ABSBIT   -----  BIT      00D4H  1
TR1. . . . . . . . . . . . . . . . . .  ABSBIT   -----  BIT      008EH  1
TR2. . . . . . . . . . . . . . . . . .  ABSBIT   -----  BIT      00CAH  1
PX0. . . . . . . . . . . . . . . . . .  ABSBIT   -----  BIT      00B8H  1
PX1. . . . . . . . . . . . . . . . . .  ABSBIT   -----  BIT      00BAH  1
u16. . . . . . . . . . . . . . . . . .  TYPEDEF  -----  U_INT    -----  2
DPH. . . . . . . . . . . . . . . . . .  SFR      DATA   U_CHAR   0083H  1
DPL. . . . . . . . . . . . . . . . . .  SFR      DATA   U_CHAR   0082H  1
EXEN2. . . . . . . . . . . . . . . . .  ABSBIT   -----  BIT      00CBH  1
REN. . . . . . . . . . . . . . . . . .  ABSBIT   -----  BIT      009CH  1
T2CON. . . . . . . . . . . . . . . . .  SFR      DATA   U_CHAR   00C8H  1
RXD. . . . . . . . . . . . . . . . . .  ABSBIT   -----  BIT      00B0H  1
TXD. . . . . . . . . . . . . . . . . .  ABSBIT   -----  BIT      00B1H  1
F0 . . . . . . . . . . . . . . . . . .  ABSBIT   -----  BIT      00D5H  1
PSW. . . . . . . . . . . . . . . . . .  SFR      DATA   U_CHAR   00D0H  1
key1 . . . . . . . . . . . . . . . . .  ABSBIT   -----  BIT      00B1H  1
key2 . . . . . . . . . . . . . . . . .  ABSBIT   -----  BIT      00B0H  1
key3 . . . . . . . . . . . . . . . . .  ABSBIT   -----  BIT      00B2H  1


MODULE INFORMATION:   STATIC OVERLAYABLE
   CODE SIZE        =     76    ----
   CONSTANT SIZE    =   ----    ----
   XDATA SIZE       =   ----    ----
   PDATA SIZE       =   ----    ----
   DATA SIZE        =      1    ----
   IDATA SIZE       =   ----    ----
   BIT SIZE         =   ----    ----
   EDATA SIZE       =   ----    ----
   HDATA SIZE       =   ----    ----
   XDATA CONST SIZE =   ----    ----
   FAR CONST SIZE   =   ----    ----
END OF MODULE INFORMATION.


C51 COMPILATION COMPLETE.  0 WARNING(S),  0 ERROR(S)
