main.obj : error LNK2001: 无法解析的外部符号 "public: virtual class CppUnit::Test * __cdecl CppUnit::Test::getChildTestAt(int)const " (?getChildTestAt@Test@CppUnit@@UEBAPEAV12@H@Z)
main.obj : error LNK2001: 无法解析的外部符号 "public: virtual bool __cdecl CppUnit::Test::findTestPath(class std::basic_string<char,struct std::char_traits<char>,class std::allocator<char> > const &,class CppUnit::TestPath &)const " (?findTestPath@Test@CppUnit@@UEBA_NAEBV?$basic_string@DU?$char_traits@D@std@@V?$allocator@D@2@@std@@AEAVTestPath@2@@Z)
main.obj : error LNK2001: 无法解析的外部符号 "public: virtual bool __cdecl CppUnit::Test::findTestPath(class CppUnit::Test const *,class CppUnit::TestPath &)const " (?findTestPath@Test@CppUnit@@UEBA_NPEBV12@AEAVTestPath@2@@Z)
main.obj : error LNK2001: 无法解析的外部符号 "public: virtual class CppUnit::Test * __cdecl CppUnit::Test::findTest(class std::basic_string<char,struct std::char_traits<char>,class std::allocator<char> > const &)const " (?findTest@Test@CppUnit@@UEBAPEAV12@AEBV?$basic_string@DU?$char_traits@D@std@@V?$allocator@D@2@@std@@@Z)
main.obj : error LNK2001: 无法解析的外部符号 "public: virtual class CppUnit::TestPath __cdecl CppUnit::Test::resolveTestPath(class std::basic_string<char,struct std::char_traits<char>,class std::allocator<char> > const &)const " (?resolveTestPath@Test@CppUnit@@UEBA?AVTestPath@2@AEBV?$basic_string@DU?$char_traits@D@std@@V?$allocator@D@2@@std@@@Z)
main.obj : error LNK2001: 无法解析的外部符号 "protected: virtual void __cdecl CppUnit::Test::checkIsValidIndex(int)const " (?checkIsValidIndex@Test@CppUnit@@MEBAXH@Z)
main.obj : error LNK2001: 无法解析的外部符号 "public: virtual int __cdecl CppUnit::TestLeaf::countTestCases(void)const " (?countTestCases@TestLeaf@CppUnit@@UEBAHXZ)
main.obj : error LNK2001: 无法解析的外部符号 "public: virtual int __cdecl CppUnit::TestLeaf::getChildTestCount(void)const " (?getChildTestCount@TestLeaf@CppUnit@@UEBAHXZ)
main.obj : error LNK2001: 无法解析的外部符号 "public: virtual class CppUnit::Test * __cdecl CppUnit::TestLeaf::doGetChildTestAt(int)const " (?doGetChildTestAt@TestLeaf@CppUnit@@UEBAPEAVTest@2@H@Z)
main.obj : error LNK2019: 无法解析的外部符号 "public: __cdecl CppUnit::Message::Message(class std::basic_string<char,struct std::char_traits<char>,class std::allocator<char> > const &,class std::basic_string<char,struct std::char_traits<char>,class std::allocator<char> > const &,class std::basic_string<char,struct std::char_traits<char>,class std::allocator<char> > const &)" (??0Message@CppUnit@@QEAA@AEBV?$basic_string@DU?$char_traits@D@std@@V?$allocator@D@2@@std@@00@Z)，函数 "public: virtual void __cdecl RBTreeTest::runTest(void)" (?runTest@RBTreeTest@@UEAAXXZ) 中引用了该符号
main.obj : error LNK2019: 无法解析的外部符号 "public: virtual __cdecl CppUnit::Message::~Message(void)" (??1Message@CppUnit@@UEAA@XZ)，函数 "public: virtual void __cdecl RBTreeTest::runTest(void)" (?runTest@RBTreeTest@@UEAAXXZ) 中引用了该符号
main.obj : error LNK2019: 无法解析的外部符号 "public: __cdecl CppUnit::SourceLine::SourceLine(class std::basic_string<char,struct std::char_traits<char>,class std::allocator<char> > const &,int)" (??0SourceLine@CppUnit@@QEAA@AEBV?$basic_string@DU?$char_traits@D@std@@V?$allocator@D@2@@std@@H@Z)，函数 "public: virtual void __cdecl RBTreeTest::runTest(void)" (?runTest@RBTreeTest@@UEAAXXZ) 中引用了该符号
main.obj : error LNK2019: 无法解析的外部符号 "public: virtual __cdecl CppUnit::SourceLine::~SourceLine(void)" (??1SourceLine@CppUnit@@UEAA@XZ)，函数 "public: virtual void __cdecl RBTreeTest::runTest(void)" (?runTest@RBTreeTest@@UEAAXXZ) 中引用了该符号
main.obj : error LNK2019: 无法解析的外部符号 "public: static void __cdecl CppUnit::Asserter::failIf(bool,class CppUnit::Message const &,class CppUnit::SourceLine const &)" (?failIf@Asserter@CppUnit@@SAX_NAEBVMessage@2@AEBVSourceLine@2@@Z)，函数 "public: virtual void __cdecl RBTreeTest::runTest(void)" (?runTest@RBTreeTest@@UEAAXXZ) 中引用了该符号
main.obj : error LNK2019: 无法解析的外部符号 "public: __cdecl CppUnit::TestCase::TestCase(void)" (??0TestCase@CppUnit@@QEAA@XZ)，函数 "public: __cdecl RBTreeTest::RBTreeTest(void)" (??0RBTreeTest@@QEAA@XZ) 中引用了该符号
main.obj : error LNK2019: 无法解析的外部符号 "public: virtual __cdecl CppUnit::TestCase::~TestCase(void)" (??1TestCase@CppUnit@@UEAA@XZ)，函数 "public: virtual __cdecl RBTreeTest::~RBTreeTest(void)" (??1RBTreeTest@@UEAA@XZ) 中引用了该符号
main.obj : error LNK2001: 无法解析的外部符号 "public: virtual void __cdecl CppUnit::TestCase::run(class CppUnit::TestResult *)" (?run@TestCase@CppUnit@@UEAAXPEAVTestResult@2@@Z)
main.obj : error LNK2001: 无法解析的外部符号 "public: virtual class std::basic_string<char,struct std::char_traits<char>,class std::allocator<char> > __cdecl CppUnit::TestCase::getName(void)const " (?getName@TestCase@CppUnit@@UEBA?AV?$basic_string@DU?$char_traits@D@std@@V?$allocator@D@2@@std@@XZ)
main.obj : error LNK2019: 无法解析的外部符号 "public: virtual void __cdecl CppUnit::TestRunner::addTest(class CppUnit::Test *)" (?addTest@TestRunner@CppUnit@@UEAAXPEAVTest@2@@Z)，函数 main 中引用了该符号
main.obj : error LNK2019: 无法解析的外部符号 "public: __cdecl CppUnit::TextTestRunner::TextTestRunner(class CppUnit::Outputter *)" (??0TextTestRunner@CppUnit@@QEAA@PEAVOutputter@1@@Z)，函数 main 中引用了该符号
main.obj : error LNK2019: 无法解析的外部符号 "public: virtual __cdecl CppUnit::TextTestRunner::~TextTestRunner(void)" (??1TextTestRunner@CppUnit@@UEAA@XZ)，函数 main 中引用了该符号
main.obj : error LNK2019: 无法解析的外部符号 "public: bool __cdecl CppUnit::TextTestRunner::run(class std::basic_string<char,struct std::char_traits<char>,class std::allocator<char> >,bool,bool,bool)" (?run@TextTestRunner@CppUnit@@QEAA_NV?$basic_string@DU?$char_traits@D@std@@V?$allocator@D@2@@std@@_N11@Z)，函数 main 中引用了该符号
F:\Station\C++Proj\DataStructure\RedBlackTree\RedBlackTree\CppUnit\lib\cppunitd.lib : warning LNK4272: 库计算机类型“x86”与目标计算机类型“x64”冲突
F:\Station\C++Proj\DataStructure\RedBlackTree\RedBlackTree\CppUnit\lib\cppunitd_dll.lib : warning LNK4272: 库计算机类型“x86”与目标计算机类型“x64”冲突
F:\Station\C++Proj\DataStructure\RedBlackTree\x64\Debug\RedBlackTree.exe : fatal error LNK1120: 22 个无法解析的外部命令
