C51 COMPILER V9.60.0.0   LED                                                               05/23/2022 17:02:21 PAGE 1   


C51 COMPILER V9.60.0.0, COMPILATION OF MODULE LED
OBJECT MODULE PLACED IN .\Objects\LED.obj
COMPILER INVOKED BY: D:\Keil_v5\C51\BIN\C51.EXE LED.c OPTIMIZE(8,SPEED) BROWSE DEBUG OBJECTEXTEND PRINT(.\Listings\LED.l
                    -st) TABS(2) OBJECT(.\Objects\LED.obj)

line level    source

   1          #include <reg52.h>
   2          
   3          typedef unsigned int u16;
   4          typedef unsigned char u8;
   5          
   6          sbit led0 = P2^0;
   7          sbit led1 = P2^1;
   8          sbit led2 = P2^2;
   9          sbit led3 = P2^3;
  10          sbit led4 = P2^4;
  11          sbit led5 = P2^5;
  12          sbit led6 = P2^6;
  13          sbit led7 = P2^7;
  14          
  15          void sleep(u16 timecout)
  16          {
  17   1          while(timecout--);
  18   1      
  19   1      }
  20          
  21          int main(void)
  22          {
  23   1          while(1)
  24   1          {
  25   2              led0 = 0;
  26   2              led1 = 0;
  27   2              led2 = 0;
  28   2              led3 = 0;
  29   2              led4 = 0;
  30   2              led5 = 0;
  31   2              led6 = 0;
  32   2              led7 = 0;
  33   2              sleep(500000);
  34   2              led0 = 1;
  35   2              led1 = 1;
  36   2              led2 = 1;
  37   2              led3 = 1;
  38   2              led4 = 1;
  39   2              led5 = 1;
  40   2              led6 = 1;
  41   2              led7 = 1;
  42   2              sleep(500000);
  43   2          }
  44   1      }


MODULE INFORMATION:   STATIC OVERLAYABLE
   CODE SIZE        =     59    ----
   CONSTANT SIZE    =   ----    ----
   XDATA SIZE       =   ----    ----
   PDATA SIZE       =   ----    ----
   DATA SIZE        =   ----    ----
   IDATA SIZE       =   ----    ----
   BIT SIZE         =   ----    ----
C51 COMPILER V9.60.0.0   LED                                                               05/23/2022 17:02:21 PAGE 2   

END OF MODULE INFORMATION.


C51 COMPILATION COMPLETE.  0 WARNING(S),  0 ERROR(S)
