C51 COMPILER V9.60.0.0   MAIN                                                              05/27/2022 17:44:01 PAGE 1   


C51 COMPILER V9.60.0.0, COMPILATION OF MODULE MAIN
OBJECT MODULE PLACED IN .\build\Debug\src\main.o
COMPILER INVOKED BY: D:\Keil_v5\C51\BIN\C51.exe .\SRC\MAIN.C PRINT(.\build\Debug\src\main.lst) OMF2 TABS(4) CODE NOCOND 
                    -SYMBOLS OPTIMIZE(8,SPEED) SMALL ROM(LARGE) INCDIR(D:\Keil_v5\C51\INC;.\src;.\inc) DEFINE(__UVISION_VERSION=526) OBJECT(.
                    -\build\Debug\src\main.o)

line level    source

   1          #include <reg52.h>
   2          
   3          sbit LED2 = P2 ^ 1;
   4          
   5          sbit key2 = P3 ^ 2;
   6          
   7          
   8          void init_INT0();
   9          
  10          void delay_10us(unsigned int us);
  11          
  12          void main(void)
  13          {
  14   1          init_INT0();
  15   1          while (1)
  16   1          {}
  17   1      }
  18          
  19          void init_INT0()
  20          {
  21   1          EA = 1;
  22   1          EX0 = 1;
  23   1          IT0 = 1;
  24   1      }
  25          
  26          void delay_10us(unsigned int us)
  27          {
  28   1          while (us--)
  29   1              ;
  30   1      }
  31          
  32          void key_int() interrupt 0
  33          {
  34   1          delay_10us(1000);
  35   1          if (key2 == 0)
  36   1          {
  37   2              LED2 = !LED2;
  38   2          }   
  39   1          
  40   1      }
C51 COMPILER V9.60.0.0   MAIN                                                              05/27/2022 17:44:01 PAGE 2   

ASSEMBLY LISTING OF GENERATED OBJECT CODE


             ; FUNCTION main (BEGIN)
                                           ; SOURCE LINE # 12
                                           ; SOURCE LINE # 13
                                           ; SOURCE LINE # 14
0000 120000      R     LCALL   init_INT0
0003         ?C0001:
                                           ; SOURCE LINE # 15
                                           ; SOURCE LINE # 16
0003 80FE              SJMP    ?C0001
             ; FUNCTION main (END)

             ; FUNCTION init_INT0 (BEGIN)
                                           ; SOURCE LINE # 19
                                           ; SOURCE LINE # 20
                                           ; SOURCE LINE # 21
0000 D2AF              SETB    EA
                                           ; SOURCE LINE # 22
0002 D2A8              SETB    EX0
                                           ; SOURCE LINE # 23
0004 D288              SETB    IT0
                                           ; SOURCE LINE # 24
0006 22                RET     
             ; FUNCTION init_INT0 (END)

             ; FUNCTION _delay_10us (BEGIN)
                                           ; SOURCE LINE # 26
;---- Variable 'us' assigned to Register 'R6/R7' ----
                                           ; SOURCE LINE # 27
0000         ?C0005:
                                           ; SOURCE LINE # 28
0000 EF                MOV     A,R7
0001 1F                DEC     R7
0002 AC06              MOV     R4,AR6
0004 7001              JNZ     ?C0010
0006 1E                DEC     R6
0007         ?C0010:
0007 4C                ORL     A,R4
0008 70F6              JNZ     ?C0005
                                           ; SOURCE LINE # 30
000A 22                RET     
             ; FUNCTION _delay_10us (END)

             ; FUNCTION key_int (BEGIN)
0000 C0E0              PUSH    ACC
0002 C0D0              PUSH    PSW
0004 75D000            MOV     PSW,#00H
0007 C004              PUSH    AR4
0009 C006              PUSH    AR6
000B C007              PUSH    AR7
                                           ; SOURCE LINE # 32
                                           ; SOURCE LINE # 34
000D 7FE8              MOV     R7,#0E8H
000F 7E03              MOV     R6,#03H
0011 120000      R     LCALL   _delay_10us
                                           ; SOURCE LINE # 35
0014 20B202            JB      key2,?C0009
                                           ; SOURCE LINE # 36
                                           ; SOURCE LINE # 37
0017 B2A1              CPL     LED2
C51 COMPILER V9.60.0.0   MAIN                                                              05/27/2022 17:44:01 PAGE 3   

                                           ; SOURCE LINE # 38
                                           ; SOURCE LINE # 40
0019         ?C0009:
0019 D007              POP     AR7
001B D006              POP     AR6
001D D004              POP     AR4
001F D0D0              POP     PSW
0021 D0E0              POP     ACC
0023 32                RETI    
             ; FUNCTION key_int (END)

C51 COMPILER V9.60.0.0   MAIN                                                              05/27/2022 17:44:01 PAGE 4   

NAME                                    CLASS   MSPACE  TYPE    OFFSET  SIZE
====                                    =====   ======  ====    ======  ====


P0 . . . . . . . . . . . . . . . . . .  SFR      DATA   U_CHAR   0080H  1
P1 . . . . . . . . . . . . . . . . . .  SFR      DATA   U_CHAR   0090H  1
P2 . . . . . . . . . . . . . . . . . .  SFR      DATA   U_CHAR   00A0H  1
P3 . . . . . . . . . . . . . . . . . .  SFR      DATA   U_CHAR   00B0H  1
T0 . . . . . . . . . . . . . . . . . .  ABSBIT   -----  BIT      00B4H  1
AC . . . . . . . . . . . . . . . . . .  ABSBIT   -----  BIT      00D6H  1
T1 . . . . . . . . . . . . . . . . . .  ABSBIT   -----  BIT      00B5H  1
T2 . . . . . . . . . . . . . . . . . .  ABSBIT   -----  BIT      0090H  1
EA . . . . . . . . . . . . . . . . . .  ABSBIT   -----  BIT      00AFH  1
LED2 . . . . . . . . . . . . . . . . .  ABSBIT   -----  BIT      00A1H  1
IE . . . . . . . . . . . . . . . . . .  SFR      DATA   U_CHAR   00A8H  1
EXF2 . . . . . . . . . . . . . . . . .  ABSBIT   -----  BIT      00CEH  1
RD . . . . . . . . . . . . . . . . . .  ABSBIT   -----  BIT      00B7H  1
ES . . . . . . . . . . . . . . . . . .  ABSBIT   -----  BIT      00ACH  1
IP . . . . . . . . . . . . . . . . . .  SFR      DATA   U_CHAR   00B8H  1
RI . . . . . . . . . . . . . . . . . .  ABSBIT   -----  BIT      0098H  1
INT0 . . . . . . . . . . . . . . . . .  ABSBIT   -----  BIT      00B2H  1
CY . . . . . . . . . . . . . . . . . .  ABSBIT   -----  BIT      00D7H  1
TI . . . . . . . . . . . . . . . . . .  ABSBIT   -----  BIT      0099H  1
INT1 . . . . . . . . . . . . . . . . .  ABSBIT   -----  BIT      00B3H  1
RCAP2H . . . . . . . . . . . . . . . .  SFR      DATA   U_CHAR   00CBH  1
PS . . . . . . . . . . . . . . . . . .  ABSBIT   -----  BIT      00BCH  1
SP . . . . . . . . . . . . . . . . . .  SFR      DATA   U_CHAR   0081H  1
T2EX . . . . . . . . . . . . . . . . .  ABSBIT   -----  BIT      0091H  1
OV . . . . . . . . . . . . . . . . . .  ABSBIT   -----  BIT      00D2H  1
RCAP2L . . . . . . . . . . . . . . . .  SFR      DATA   U_CHAR   00CAH  1
main . . . . . . . . . . . . . . . . .  PUBLIC   CODE   PROC     0000H  -----
C_T2 . . . . . . . . . . . . . . . . .  ABSBIT   -----  BIT      00C9H  1
WR . . . . . . . . . . . . . . . . . .  ABSBIT   -----  BIT      00B6H  1
RCLK . . . . . . . . . . . . . . . . .  ABSBIT   -----  BIT      00CDH  1
TCLK . . . . . . . . . . . . . . . . .  ABSBIT   -----  BIT      00CCH  1
SBUF . . . . . . . . . . . . . . . . .  SFR      DATA   U_CHAR   0099H  1
PCON . . . . . . . . . . . . . . . . .  SFR      DATA   U_CHAR   0087H  1
init_INT0. . . . . . . . . . . . . . .  PUBLIC   CODE   PROC     0000H  -----
SCON . . . . . . . . . . . . . . . . .  SFR      DATA   U_CHAR   0098H  1
TMOD . . . . . . . . . . . . . . . . .  SFR      DATA   U_CHAR   0089H  1
TCON . . . . . . . . . . . . . . . . .  SFR      DATA   U_CHAR   0088H  1
_delay_10us. . . . . . . . . . . . . .  PUBLIC   CODE   PROC     0000H  -----
  us . . . . . . . . . . . . . . . . .  * REG *  DATA   U_INT    0006H  2
IE0. . . . . . . . . . . . . . . . . .  ABSBIT   -----  BIT      0089H  1
IE1. . . . . . . . . . . . . . . . . .  ABSBIT   -----  BIT      008BH  1
B. . . . . . . . . . . . . . . . . . .  SFR      DATA   U_CHAR   00F0H  1
CP_RL2 . . . . . . . . . . . . . . . .  ABSBIT   -----  BIT      00C8H  1
ACC. . . . . . . . . . . . . . . . . .  SFR      DATA   U_CHAR   00E0H  1
ET0. . . . . . . . . . . . . . . . . .  ABSBIT   -----  BIT      00A9H  1
ET1. . . . . . . . . . . . . . . . . .  ABSBIT   -----  BIT      00ABH  1
TF0. . . . . . . . . . . . . . . . . .  ABSBIT   -----  BIT      008DH  1
ET2. . . . . . . . . . . . . . . . . .  ABSBIT   -----  BIT      00ADH  1
TF1. . . . . . . . . . . . . . . . . .  ABSBIT   -----  BIT      008FH  1
TF2. . . . . . . . . . . . . . . . . .  ABSBIT   -----  BIT      00CFH  1
RB8. . . . . . . . . . . . . . . . . .  ABSBIT   -----  BIT      009AH  1
TH0. . . . . . . . . . . . . . . . . .  SFR      DATA   U_CHAR   008CH  1
EX0. . . . . . . . . . . . . . . . . .  ABSBIT   -----  BIT      00A8H  1
IT0. . . . . . . . . . . . . . . . . .  ABSBIT   -----  BIT      0088H  1
TH1. . . . . . . . . . . . . . . . . .  SFR      DATA   U_CHAR   008DH  1
TB8. . . . . . . . . . . . . . . . . .  ABSBIT   -----  BIT      009BH  1
EX1. . . . . . . . . . . . . . . . . .  ABSBIT   -----  BIT      00AAH  1
C51 COMPILER V9.60.0.0   MAIN                                                              05/27/2022 17:44:01 PAGE 5   

NAME                                    CLASS   MSPACE  TYPE    OFFSET  SIZE
====                                    =====   ======  ====    ======  ====


IT1. . . . . . . . . . . . . . . . . .  ABSBIT   -----  BIT      008AH  1
TH2. . . . . . . . . . . . . . . . . .  SFR      DATA   U_CHAR   00CDH  1
P. . . . . . . . . . . . . . . . . . .  ABSBIT   -----  BIT      00D0H  1
SM0. . . . . . . . . . . . . . . . . .  ABSBIT   -----  BIT      009FH  1
TL0. . . . . . . . . . . . . . . . . .  SFR      DATA   U_CHAR   008AH  1
SM1. . . . . . . . . . . . . . . . . .  ABSBIT   -----  BIT      009EH  1
TL1. . . . . . . . . . . . . . . . . .  SFR      DATA   U_CHAR   008BH  1
SM2. . . . . . . . . . . . . . . . . .  ABSBIT   -----  BIT      009DH  1
TL2. . . . . . . . . . . . . . . . . .  SFR      DATA   U_CHAR   00CCH  1
PT0. . . . . . . . . . . . . . . . . .  ABSBIT   -----  BIT      00B9H  1
PT1. . . . . . . . . . . . . . . . . .  ABSBIT   -----  BIT      00BBH  1
RS0. . . . . . . . . . . . . . . . . .  ABSBIT   -----  BIT      00D3H  1
PT2. . . . . . . . . . . . . . . . . .  ABSBIT   -----  BIT      00BDH  1
TR0. . . . . . . . . . . . . . . . . .  ABSBIT   -----  BIT      008CH  1
RS1. . . . . . . . . . . . . . . . . .  ABSBIT   -----  BIT      00D4H  1
TR1. . . . . . . . . . . . . . . . . .  ABSBIT   -----  BIT      008EH  1
TR2. . . . . . . . . . . . . . . . . .  ABSBIT   -----  BIT      00CAH  1
PX0. . . . . . . . . . . . . . . . . .  ABSBIT   -----  BIT      00B8H  1
PX1. . . . . . . . . . . . . . . . . .  ABSBIT   -----  BIT      00BAH  1
DPH. . . . . . . . . . . . . . . . . .  SFR      DATA   U_CHAR   0083H  1
DPL. . . . . . . . . . . . . . . . . .  SFR      DATA   U_CHAR   0082H  1
EXEN2. . . . . . . . . . . . . . . . .  ABSBIT   -----  BIT      00CBH  1
REN. . . . . . . . . . . . . . . . . .  ABSBIT   -----  BIT      009CH  1
T2CON. . . . . . . . . . . . . . . . .  SFR      DATA   U_CHAR   00C8H  1
RXD. . . . . . . . . . . . . . . . . .  ABSBIT   -----  BIT      00B0H  1
TXD. . . . . . . . . . . . . . . . . .  ABSBIT   -----  BIT      00B1H  1
F0 . . . . . . . . . . . . . . . . . .  ABSBIT   -----  BIT      00D5H  1
key_int. . . . . . . . . . . . . . . .  PUBLIC   CODE   PROC     0000H  -----
PSW. . . . . . . . . . . . . . . . . .  SFR      DATA   U_CHAR   00D0H  1
key2 . . . . . . . . . . . . . . . . .  ABSBIT   -----  BIT      00B2H  1


MODULE INFORMATION:   STATIC OVERLAYABLE
   CODE SIZE        =     62    ----
   CONSTANT SIZE    =   ----    ----
   XDATA SIZE       =   ----    ----
   PDATA SIZE       =   ----    ----
   DATA SIZE        =   ----    ----
   IDATA SIZE       =   ----    ----
   BIT SIZE         =   ----    ----
   EDATA SIZE       =   ----    ----
   HDATA SIZE       =   ----    ----
   XDATA CONST SIZE =   ----    ----
   FAR CONST SIZE   =   ----    ----
END OF MODULE INFORMATION.


C51 COMPILATION COMPLETE.  0 WARNING(S),  0 ERROR(S)
