[2022-05-25 09:01:29]	compilation failed at : "f:\Station\EmbedPorj\MatrixKeys\src\main.c", exit code: 2
  at unify_builder.Program.Main (System.String[] args) [0x0178e] in <6d8c0f91f6d94a3cb9e4240f591355c3>:0 
---
C51 COMPILER V9.60.0.0 - SN: Eval Version
COPYRIGHT Copyright (C) 2012 - 2019 ARM Ltd and ARM Germany GmbH. All rights reserved.
*** WARNING C206 IN LINE 57 OF .\SRC\MAIN.C: 'maxtrix_keys_ranks_scan': missing function-prototype
*** ERROR C231 IN LINE 66 OF .\SRC\MAIN.C: 'maxtrix_keys_ranks_scan': redefinition
*** ERROR C231 IN LINE 158 OF .\SRC\MAIN.C: 'maxtrix_keys_ranks_scan': redefinition
C51 COMPILATION COMPLETE.  1 WARNING(S),  2 ERROR(S)

[2022-05-25 09:03:25]	compilation failed at : "f:\Station\EmbedPorj\MatrixKeys\src\main.c", exit code: 2
  at unify_builder.Program.Main (System.String[] args) [0x0178e] in <6d8c0f91f6d94a3cb9e4240f591355c3>:0 
---
C51 COMPILER V9.60.0.0 - SN: Eval Version
COPYRIGHT Copyright (C) 2012 - 2019 ARM Ltd and ARM Germany GmbH. All rights reserved.
*** WARNING C206 IN LINE 57 OF .\SRC\MAIN.C: 'maxtrix_keys_ranks_scan': missing function-prototype
*** ERROR C231 IN LINE 66 OF .\SRC\MAIN.C: 'maxtrix_keys_ranks_scan': redefinition
*** ERROR C231 IN LINE 158 OF .\SRC\MAIN.C: 'maxtrix_keys_ranks_scan': redefinition
C51 COMPILATION COMPLETE.  1 WARNING(S),  2 ERROR(S)

[2022-05-25 09:04:21]	compilation failed at : "f:\Station\EmbedPorj\MatrixKeys\src\main.c", exit code: 2
  at unify_builder.Program.Main (System.String[] args) [0x0178e] in <6d8c0f91f6d94a3cb9e4240f591355c3>:0 
---
C51 COMPILER V9.60.0.0 - SN: Eval Version
COPYRIGHT Copyright (C) 2012 - 2019 ARM Ltd and ARM Germany GmbH. All rights reserved.
*** WARNING C206 IN LINE 57 OF .\SRC\MAIN.C: 'maxtrix_keys_ranks_scan': missing function-prototype
*** ERROR C231 IN LINE 66 OF .\SRC\MAIN.C: 'maxtrix_keys_ranks_scan': redefinition
*** ERROR C231 IN LINE 158 OF .\SRC\MAIN.C: 'maxtrix_keys_ranks_scan': redefinition
C51 COMPILATION COMPLETE.  1 WARNING(S),  2 ERROR(S)

[2022-05-25 09:05:20]	compilation failed at : "f:\Station\EmbedPorj\MatrixKeys\src\main.c", exit code: 2
  at unify_builder.Program.Main (System.String[] args) [0x0178e] in <6d8c0f91f6d94a3cb9e4240f591355c3>:0 
---
C51 COMPILER V9.60.0.0 - SN: Eval Version
COPYRIGHT Copyright (C) 2012 - 2019 ARM Ltd and ARM Germany GmbH. All rights reserved.
*** WARNING C206 IN LINE 57 OF .\SRC\MAIN.C: 'maxtrix_keys_ranks_scan': missing function-prototype
*** ERROR C231 IN LINE 66 OF .\SRC\MAIN.C: 'maxtrix_keys_ranks_scan': redefinition
*** ERROR C231 IN LINE 158 OF .\SRC\MAIN.C: 'maxtrix_keys_ranks_scan': redefinition
C51 COMPILATION COMPLETE.  1 WARNING(S),  2 ERROR(S)

[2022-05-25 09:06:06]	compilation failed at : "f:\Station\EmbedPorj\MatrixKeys\src\main.c", exit code: 2
  at unify_builder.Program.Main (System.String[] args) [0x0178e] in <6d8c0f91f6d94a3cb9e4240f591355c3>:0 
---
C51 COMPILER V9.60.0.0 - SN: Eval Version
COPYRIGHT Copyright (C) 2012 - 2019 ARM Ltd and ARM Germany GmbH. All rights reserved.
*** WARNING C206 IN LINE 46 OF .\SRC\MAIN.C: 'delay_10ms': missing function-prototype
*** ERROR C267 IN LINE 46 OF .\SRC\MAIN.C: 'delay_10ms': requires ANSI-style prototype
*** ERROR C231 IN LINE 136 OF .\SRC\MAIN.C: 'delay_10ms': redefinition
*** ERROR C231 IN LINE 161 OF .\SRC\MAIN.C: 'delay_10ms': redefinition
*** ERROR C231 IN LINE 163 OF .\SRC\MAIN.C: 'delay_10ms': redefinition
C51 COMPILATION COMPLETE.  1 WARNING(S),  4 ERROR(S)

[2022-05-25 09:06:47]	[done]
	build successfully !

[2022-05-25 09:25:00]	[done]
	build successfully !

[2022-05-25 09:25:06]	[done]
	build successfully !

[2022-05-25 09:25:47]	[done]
	build successfully !

[2022-05-25 09:39:57]	compilation failed at : "f:\Station\EmbedPorj\MatrixKeys\src\main.c", exit code: 2
  at unify_builder.Program.Main (System.String[] args) [0x0178e] in <6d8c0f91f6d94a3cb9e4240f591355c3>:0 
---
C51 COMPILER V9.60.0.0 - SN: Eval Version
COPYRIGHT Copyright (C) 2012 - 2019 ARM Ltd and ARM Germany GmbH. All rights reserved.
*** ERROR C202 IN LINE 118 OF .\SRC\MAIN.C: 'pressed': undefined identifier
C51 COMPILATION COMPLETE.  0 WARNING(S),  1 ERROR(S)

[2022-05-25 09:40:47]	[done]
	build successfully !

[2022-05-25 09:44:37]	compilation failed at : "f:\Station\EmbedPorj\MatrixKeys\src\main.c", exit code: 2
  at unify_builder.Program.Main (System.String[] args) [0x0178e] in <6d8c0f91f6d94a3cb9e4240f591355c3>:0 
---
C51 COMPILER V9.60.0.0 - SN: Eval Version
COPYRIGHT Copyright (C) 2012 - 2019 ARM Ltd and ARM Germany GmbH. All rights reserved.
*** ERROR C141 IN LINE 163 OF .\SRC\MAIN.C: syntax error near '=', expected ';'
C51 COMPILATION COMPLETE.  0 WARNING(S),  1 ERROR(S)

[2022-05-25 09:45:47]	[done]
	build successfully !

[2022-05-25 09:46:30]	[done]
	build successfully !

[2022-05-25 09:58:59]	[done]
	build successfully !

[2022-05-25 10:06:47]	compilation failed at : "f:\Station\EmbedPorj\MatrixKeys\src\main.c", exit code: 2
  at unify_builder.Program.Main (System.String[] args) [0x0178e] in <6d8c0f91f6d94a3cb9e4240f591355c3>:0 
---
C51 COMPILER V9.60.0.0 - SN: Eval Version
COPYRIGHT Copyright (C) 2012 - 2019 ARM Ltd and ARM Germany GmbH. All rights reserved.
*** ERROR C141 IN LINE 168 OF .\SRC\MAIN.C: syntax error near '=', expected ';'
*** ERROR C141 IN LINE 168 OF .\SRC\MAIN.C: syntax error near '=', expected ';'
*** ERROR C141 IN LINE 168 OF .\SRC\MAIN.C: syntax error near '=', expected ';'
C51 COMPILATION COMPLETE.  0 WARNING(S),  3 ERROR(S)

[2022-05-25 10:08:01]	[done]
	build successfully !

[2022-05-25 10:10:34]	[done]
	build successfully !

[2022-05-25 10:13:39]	[done]
	build successfully !

[2022-05-25 10:16:04]	[done]
	build successfully !

[2022-05-25 10:23:11]	[done]
	build successfully !

[2022-05-25 10:26:00]	[done]
	build successfully !

[2022-05-25 10:31:22]	[done]
	build successfully !

[2022-05-25 10:33:57]	[done]
	build successfully !

[2022-05-25 10:36:22]	link failed !, exit code: 2
  at unify_builder.Program.Main (System.String[] args) [0x01932] in <6d8c0f91f6d94a3cb9e4240f591355c3>:0 
---
LX51 LINKER/LOCATER V4.66.97.0 - SN: Eval Version
COPYRIGHT ARM Germany GmbH 1995 - 2019
@f:\Station\EmbedPorj\MatrixKeys\build\Debug\MatrixKeys.lnp 
.\build\Debug\src\main.o TO .\build\Debug\MatrixKeys
PRINT(.\build\Debug\MatrixKeys.map) REMOVEUNUSED
*** ERROR L127: UNRESOLVED EXTERNAL SYMBOL
    SYMBOL:  matrix_keys_flap_scan
    MODULE:  .\BUILD\DEBUG\SRC\MAIN.O (MAIN)
*** ERROR L128: REFERENCE MADE TO UNRESOLVED EXTERNAL
    SYMBOL:  matrix_keys_flap_scan
    MODULE:  .\BUILD\DEBUG\SRC\MAIN.O (MAIN)
    ADDRESS: 1000006H
******************************************************************************
* RESTRICTED VERSION WITH 0800H BYTE CODE SIZE LIMIT; USED: 011FH BYTE (14%) *
******************************************************************************
Program Size: data=25.0 xdata=0 const=0 code=182
LX51 RUN COMPLETE.  0 WARNING(S),  2 ERROR(S)


[2022-05-25 10:37:05]	[done]
	build successfully !

[2022-05-25 10:44:58]	[done]
	build successfully !

[2022-05-25 10:45:43]	[done]
	build successfully !

[2022-05-25 11:12:18]	compilation failed at : "f:\Station\EmbedPorj\MatrixKeys\src\main.c", exit code: 2
  at unify_builder.Program.Main (System.String[] args) [0x0178e] in <6d8c0f91f6d94a3cb9e4240f591355c3>:0 
---
C51 COMPILER V9.60.0.0 - SN: Eval Version
COPYRIGHT Copyright (C) 2012 - 2019 ARM Ltd and ARM Germany GmbH. All rights reserved.
*** ERROR C202 IN LINE 163 OF .\SRC\MAIN.C: 'key_index': undefined identifier
*** ERROR C202 IN LINE 164 OF .\SRC\MAIN.C: 'key_index': undefined identifier
*** ERROR C202 IN LINE 165 OF .\SRC\MAIN.C: 'key_index': undefined identifier
*** ERROR C202 IN LINE 166 OF .\SRC\MAIN.C: 'key_index': undefined identifier
*** ERROR C202 IN LINE 172 OF .\SRC\MAIN.C: 'key_index': undefined identifier
*** ERROR C202 IN LINE 173 OF .\SRC\MAIN.C: 'key_index': undefined identifier
*** ERROR C202 IN LINE 174 OF .\SRC\MAIN.C: 'key_index': undefined identifier
*** ERROR C202 IN LINE 175 OF .\SRC\MAIN.C: 'key_index': undefined identifier
*** ERROR C202 IN LINE 177 OF .\SRC\MAIN.C: 'key_index': undefined identifier
*** ERROR C202 IN LINE 179 OF .\SRC\MAIN.C: 'key_index': undefined identifier
C51 COMPILATION COMPLETE.  0 WARNING(S),  10 ERROR(S)

[2022-05-25 11:13:06]	link failed !, exit code: 2
  at unify_builder.Program.Main (System.String[] args) [0x01932] in <6d8c0f91f6d94a3cb9e4240f591355c3>:0 
---
LX51 LINKER/LOCATER V4.66.97.0 - SN: Eval Version
COPYRIGHT ARM Germany GmbH 1995 - 2019
@f:\Station\EmbedPorj\MatrixKeys\build\Debug\MatrixKeys.lnp 
.\build\Debug\src\main.o TO .\build\Debug\MatrixKeys
PRINT(.\build\Debug\MatrixKeys.map) REMOVEUNUSED
*** ERROR L127: UNRESOLVED EXTERNAL SYMBOL
    SYMBOL:  maxtrix_keys_flep_scan
    MODULE:  .\BUILD\DEBUG\SRC\MAIN.O (MAIN)
*** ERROR L128: REFERENCE MADE TO UNRESOLVED EXTERNAL
    SYMBOL:  maxtrix_keys_flep_scan
    MODULE:  .\BUILD\DEBUG\SRC\MAIN.O (MAIN)
    ADDRESS: 1000006H
******************************************************************************
* RESTRICTED VERSION WITH 0800H BYTE CODE SIZE LIMIT; USED: 0174H BYTE (18%) *
******************************************************************************
Program Size: data=26.0 xdata=0 const=0 code=199
LX51 RUN COMPLETE.  0 WARNING(S),  2 ERROR(S)


[2022-05-25 11:13:52]	link failed !, exit code: 2
  at unify_builder.Program.Main (System.String[] args) [0x01932] in <6d8c0f91f6d94a3cb9e4240f591355c3>:0 
---
LX51 LINKER/LOCATER V4.66.97.0 - SN: Eval Version
COPYRIGHT ARM Germany GmbH 1995 - 2019
@f:\Station\EmbedPorj\MatrixKeys\build\Debug\MatrixKeys.lnp 
.\build\Debug\src\main.o TO .\build\Debug\MatrixKeys
PRINT(.\build\Debug\MatrixKeys.map) REMOVEUNUSED
*** ERROR L127: UNRESOLVED EXTERNAL SYMBOL
    SYMBOL:  maxtrix_keys_flep_scan
    MODULE:  .\BUILD\DEBUG\SRC\MAIN.O (MAIN)
*** ERROR L128: REFERENCE MADE TO UNRESOLVED EXTERNAL
    SYMBOL:  maxtrix_keys_flep_scan
    MODULE:  .\BUILD\DEBUG\SRC\MAIN.O (MAIN)
    ADDRESS: 1000006H
******************************************************************************
* RESTRICTED VERSION WITH 0800H BYTE CODE SIZE LIMIT; USED: 0174H BYTE (18%) *
******************************************************************************
Program Size: data=26.0 xdata=0 const=0 code=199
LX51 RUN COMPLETE.  0 WARNING(S),  2 ERROR(S)


[2022-05-25 11:14:04]	link failed !, exit code: 2
  at unify_builder.Program.Main (System.String[] args) [0x01932] in <6d8c0f91f6d94a3cb9e4240f591355c3>:0 
---
LX51 LINKER/LOCATER V4.66.97.0 - SN: Eval Version
COPYRIGHT ARM Germany GmbH 1995 - 2019
@f:\Station\EmbedPorj\MatrixKeys\build\Debug\MatrixKeys.lnp 
.\build\Debug\src\main.o TO .\build\Debug\MatrixKeys
PRINT(.\build\Debug\MatrixKeys.map) REMOVEUNUSED
*** ERROR L127: UNRESOLVED EXTERNAL SYMBOL
    SYMBOL:  matrix_keys_flep_scan
    MODULE:  .\BUILD\DEBUG\SRC\MAIN.O (MAIN)
*** ERROR L128: REFERENCE MADE TO UNRESOLVED EXTERNAL
    SYMBOL:  matrix_keys_flep_scan
    MODULE:  .\BUILD\DEBUG\SRC\MAIN.O (MAIN)
    ADDRESS: 1000006H
******************************************************************************
* RESTRICTED VERSION WITH 0800H BYTE CODE SIZE LIMIT; USED: 0174H BYTE (18%) *
******************************************************************************
Program Size: data=26.0 xdata=0 const=0 code=199
LX51 RUN COMPLETE.  0 WARNING(S),  2 ERROR(S)


[2022-05-25 11:15:27]	[done]
	build successfully !

[2022-05-25 11:16:56]	[done]
	build successfully !

