C51 COMPILER V9.60.0.0   MAIN                                                              05/27/2022 20:33:56 PAGE 1   


C51 COMPILER V9.60.0.0, COMPILATION OF MODULE MAIN
OBJECT MODULE PLACED IN .\build\Debug\src\main.o
COMPILER INVOKED BY: D:\Keil_v5\C51\BIN\C51.exe .\SRC\MAIN.C PRINT(.\build\Debug\src\main.lst) OMF2 TABS(4) CODE NOCOND 
                    -SYMBOLS OPTIMIZE(8,SPEED) SMALL ROM(LARGE) INCDIR(D:\Keil_v5\C51\INC;.\src;.\inc) DEFINE(__UVISION_VERSION=526) OBJECT(.
                    -\build\Debug\src\main.o)

line level    source

   1          #include <reg52.h>
   2          #include <intrins.h>
   3          
   4          #define LED P2
   5          sbit led0 = P2^0;
   6          sbit led1 = P2^1;
   7          sbit led2 = P2^2;
   8          sbit led3 = P2^3;
   9          
  10          
  11          void timer0_init()
  12          {
  13   1          TR0 = 1; //开启timer0
  14   1          ET0 = 1; // 开启timer0的中断
  15   1          EA = 1; // 开启cpu中断
  16   1          TMOD |= 0x01;//为timer0启用工作模式1 将TH0和TL0合并为一个16bit的定时器
  17   1          /*计算1ms的定时初始值
  18   1              外部晶振频率12MHz
  19   1              1个时钟周期 = 1/12M s
  20   1              1个机器周期 = 12个时钟周期 = 1us
  21   1              所以1ms = 1000个机器周期 = 1000us
  22   1              1000 = 2^10-24 = 2^10-(2^4 + 2^3)
  23   1              0100 0000 0000
  24   1          -   0000 0001 1000
  25   1              0000 0011 1110 1000--->1000
  26   1      
  27   1              1111 1111 1111 1111--->65535
  28   1          -   0000 0011 1110 1000--->1000
  29   1              1111 1100 0001 0111--->64535
  30   1          +   0000 0000 0000 0001--->1
  31   1              1111 1100 0001 1000
  32   1          0x   f    c     1    8
  33   1               ------     ------
  34   1                  ||        ||
  35   1                 TH0       TL0
  36   1          */
  37   1          TH0 = 0xfc;
  38   1          TL0 = 0x18;
  39   1      
  40   1      }
  41          
  42          void main(void)
  43          {
  44   1          timer0_init();
  45   1          while(1);
  46   1      }
  47          
  48          void timer0_INT() interrupt 1
  49          {
  50   1          static unsigned int i;
  51   1          unsigned char j;
  52   1          TH0 = 0xfc;
  53   1          TL0 = 0x18;
C51 COMPILER V9.60.0.0   MAIN                                                              05/27/2022 20:33:56 PAGE 2   

  54   1          i++;
  55   1          if(i==500)//定时1s
  56   1          {
  57   2              LED =~(0x01<<j++);
  58   2              if(j==8)
  59   2                  j=0;
  60   2              i=0;
  61   2          }
  62   1      }
C51 COMPILER V9.60.0.0   MAIN                                                              05/27/2022 20:33:56 PAGE 3   

ASSEMBLY LISTING OF GENERATED OBJECT CODE


             ; FUNCTION timer0_init (BEGIN)
                                           ; SOURCE LINE # 11
                                           ; SOURCE LINE # 12
                                           ; SOURCE LINE # 13
0000 D28C              SETB    TR0
                                           ; SOURCE LINE # 14
0002 D2A9              SETB    ET0
                                           ; SOURCE LINE # 15
0004 D2AF              SETB    EA
                                           ; SOURCE LINE # 16
0006 438901            ORL     TMOD,#01H
                                           ; SOURCE LINE # 37
0009 758CFC            MOV     TH0,#0FCH
                                           ; SOURCE LINE # 38
000C 758A18            MOV     TL0,#018H
                                           ; SOURCE LINE # 40
000F 22                RET     
             ; FUNCTION timer0_init (END)

             ; FUNCTION main (BEGIN)
                                           ; SOURCE LINE # 42
                                           ; SOURCE LINE # 43
                                           ; SOURCE LINE # 44
0000 120000      R     LCALL   timer0_init
0003         ?C0002:
                                           ; SOURCE LINE # 45
0003 80FE              SJMP    ?C0002
             ; FUNCTION main (END)

             ; FUNCTION timer0_INT (BEGIN)
0000 C0E0              PUSH    ACC
0002 C0D0              PUSH    PSW
0004 75D000            MOV     PSW,#00H
0007 C000              PUSH    AR0
0009 C007              PUSH    AR7
                                           ; SOURCE LINE # 48
                                           ; SOURCE LINE # 52
000B 758CFC            MOV     TH0,#0FCH
                                           ; SOURCE LINE # 53
000E 758A18            MOV     TL0,#018H
                                           ; SOURCE LINE # 54
0011 0500        R     INC     i+01H
0013 E500        R     MOV     A,i+01H
0015 7002              JNZ     ?C0008
0017 0500        R     INC     i
0019         ?C0008:
                                           ; SOURCE LINE # 55
0019 B4F425            CJNE    A,#0F4H,?C0007
001C E500        R     MOV     A,i
001E B40120            CJNE    A,#01H,?C0007
                                           ; SOURCE LINE # 56
                                           ; SOURCE LINE # 57
0021 AF00        R     MOV     R7,j
0023 0500        R     INC     j
0025 A807              MOV     R0,AR7
0027 7401              MOV     A,#01H
0029 08                INC     R0
002A 8002              SJMP    ?C0011
002C         ?C0010:
C51 COMPILER V9.60.0.0   MAIN                                                              05/27/2022 20:33:56 PAGE 4   

002C C3                CLR     C
002D 33                RLC     A
002E         ?C0011:
002E D8FC              DJNZ    R0,?C0010
0030 F4                CPL     A
0031 F5A0              MOV     P2,A
                                           ; SOURCE LINE # 58
0033 E500        R     MOV     A,j
0035 6408              XRL     A,#08H
0037 7002              JNZ     ?C0006
                                           ; SOURCE LINE # 59
0039 F500        R     MOV     j,A
003B         ?C0006:
                                           ; SOURCE LINE # 60
003B 750000      R     MOV     i,#00H
003E 750000      R     MOV     i+01H,#00H
                                           ; SOURCE LINE # 61
                                           ; SOURCE LINE # 62
0041         ?C0007:
0041 D007              POP     AR7
0043 D000              POP     AR0
0045 D0D0              POP     PSW
0047 D0E0              POP     ACC
0049 32                RETI    
             ; FUNCTION timer0_INT (END)

C51 COMPILER V9.60.0.0   MAIN                                                              05/27/2022 20:33:56 PAGE 5   

NAME                                    CLASS   MSPACE  TYPE    OFFSET  SIZE
====                                    =====   ======  ====    ======  ====


P0 . . . . . . . . . . . . . . . . . .  SFR      DATA   U_CHAR   0080H  1
P1 . . . . . . . . . . . . . . . . . .  SFR      DATA   U_CHAR   0090H  1
P2 . . . . . . . . . . . . . . . . . .  SFR      DATA   U_CHAR   00A0H  1
P3 . . . . . . . . . . . . . . . . . .  SFR      DATA   U_CHAR   00B0H  1
T0 . . . . . . . . . . . . . . . . . .  ABSBIT   -----  BIT      00B4H  1
AC . . . . . . . . . . . . . . . . . .  ABSBIT   -----  BIT      00D6H  1
T1 . . . . . . . . . . . . . . . . . .  ABSBIT   -----  BIT      00B5H  1
T2 . . . . . . . . . . . . . . . . . .  ABSBIT   -----  BIT      0090H  1
EA . . . . . . . . . . . . . . . . . .  ABSBIT   -----  BIT      00AFH  1
IE . . . . . . . . . . . . . . . . . .  SFR      DATA   U_CHAR   00A8H  1
EXF2 . . . . . . . . . . . . . . . . .  ABSBIT   -----  BIT      00CEH  1
RD . . . . . . . . . . . . . . . . . .  ABSBIT   -----  BIT      00B7H  1
ES . . . . . . . . . . . . . . . . . .  ABSBIT   -----  BIT      00ACH  1
IP . . . . . . . . . . . . . . . . . .  SFR      DATA   U_CHAR   00B8H  1
RI . . . . . . . . . . . . . . . . . .  ABSBIT   -----  BIT      0098H  1
INT0 . . . . . . . . . . . . . . . . .  ABSBIT   -----  BIT      00B2H  1
CY . . . . . . . . . . . . . . . . . .  ABSBIT   -----  BIT      00D7H  1
TI . . . . . . . . . . . . . . . . . .  ABSBIT   -----  BIT      0099H  1
INT1 . . . . . . . . . . . . . . . . .  ABSBIT   -----  BIT      00B3H  1
timer0_INT . . . . . . . . . . . . . .  PUBLIC   CODE   PROC     0000H  -----
  i. . . . . . . . . . . . . . . . . .  STATIC   DATA   U_INT    0000H  2
  j. . . . . . . . . . . . . . . . . .  AUTO     DATA   U_CHAR   0000H  1
RCAP2H . . . . . . . . . . . . . . . .  SFR      DATA   U_CHAR   00CBH  1
PS . . . . . . . . . . . . . . . . . .  ABSBIT   -----  BIT      00BCH  1
SP . . . . . . . . . . . . . . . . . .  SFR      DATA   U_CHAR   0081H  1
T2EX . . . . . . . . . . . . . . . . .  ABSBIT   -----  BIT      0091H  1
OV . . . . . . . . . . . . . . . . . .  ABSBIT   -----  BIT      00D2H  1
RCAP2L . . . . . . . . . . . . . . . .  SFR      DATA   U_CHAR   00CAH  1
main . . . . . . . . . . . . . . . . .  PUBLIC   CODE   PROC     0000H  -----
C_T2 . . . . . . . . . . . . . . . . .  ABSBIT   -----  BIT      00C9H  1
WR . . . . . . . . . . . . . . . . . .  ABSBIT   -----  BIT      00B6H  1
RCLK . . . . . . . . . . . . . . . . .  ABSBIT   -----  BIT      00CDH  1
TCLK . . . . . . . . . . . . . . . . .  ABSBIT   -----  BIT      00CCH  1
SBUF . . . . . . . . . . . . . . . . .  SFR      DATA   U_CHAR   0099H  1
PCON . . . . . . . . . . . . . . . . .  SFR      DATA   U_CHAR   0087H  1
SCON . . . . . . . . . . . . . . . . .  SFR      DATA   U_CHAR   0098H  1
TMOD . . . . . . . . . . . . . . . . .  SFR      DATA   U_CHAR   0089H  1
TCON . . . . . . . . . . . . . . . . .  SFR      DATA   U_CHAR   0088H  1
IE0. . . . . . . . . . . . . . . . . .  ABSBIT   -----  BIT      0089H  1
IE1. . . . . . . . . . . . . . . . . .  ABSBIT   -----  BIT      008BH  1
B. . . . . . . . . . . . . . . . . . .  SFR      DATA   U_CHAR   00F0H  1
CP_RL2 . . . . . . . . . . . . . . . .  ABSBIT   -----  BIT      00C8H  1
ACC. . . . . . . . . . . . . . . . . .  SFR      DATA   U_CHAR   00E0H  1
ET0. . . . . . . . . . . . . . . . . .  ABSBIT   -----  BIT      00A9H  1
ET1. . . . . . . . . . . . . . . . . .  ABSBIT   -----  BIT      00ABH  1
TF0. . . . . . . . . . . . . . . . . .  ABSBIT   -----  BIT      008DH  1
ET2. . . . . . . . . . . . . . . . . .  ABSBIT   -----  BIT      00ADH  1
TF1. . . . . . . . . . . . . . . . . .  ABSBIT   -----  BIT      008FH  1
TF2. . . . . . . . . . . . . . . . . .  ABSBIT   -----  BIT      00CFH  1
RB8. . . . . . . . . . . . . . . . . .  ABSBIT   -----  BIT      009AH  1
TH0. . . . . . . . . . . . . . . . . .  SFR      DATA   U_CHAR   008CH  1
EX0. . . . . . . . . . . . . . . . . .  ABSBIT   -----  BIT      00A8H  1
IT0. . . . . . . . . . . . . . . . . .  ABSBIT   -----  BIT      0088H  1
TH1. . . . . . . . . . . . . . . . . .  SFR      DATA   U_CHAR   008DH  1
TB8. . . . . . . . . . . . . . . . . .  ABSBIT   -----  BIT      009BH  1
EX1. . . . . . . . . . . . . . . . . .  ABSBIT   -----  BIT      00AAH  1
IT1. . . . . . . . . . . . . . . . . .  ABSBIT   -----  BIT      008AH  1
C51 COMPILER V9.60.0.0   MAIN                                                              05/27/2022 20:33:56 PAGE 6   

NAME                                    CLASS   MSPACE  TYPE    OFFSET  SIZE
====                                    =====   ======  ====    ======  ====


TH2. . . . . . . . . . . . . . . . . .  SFR      DATA   U_CHAR   00CDH  1
P. . . . . . . . . . . . . . . . . . .  ABSBIT   -----  BIT      00D0H  1
SM0. . . . . . . . . . . . . . . . . .  ABSBIT   -----  BIT      009FH  1
TL0. . . . . . . . . . . . . . . . . .  SFR      DATA   U_CHAR   008AH  1
SM1. . . . . . . . . . . . . . . . . .  ABSBIT   -----  BIT      009EH  1
TL1. . . . . . . . . . . . . . . . . .  SFR      DATA   U_CHAR   008BH  1
SM2. . . . . . . . . . . . . . . . . .  ABSBIT   -----  BIT      009DH  1
TL2. . . . . . . . . . . . . . . . . .  SFR      DATA   U_CHAR   00CCH  1
PT0. . . . . . . . . . . . . . . . . .  ABSBIT   -----  BIT      00B9H  1
PT1. . . . . . . . . . . . . . . . . .  ABSBIT   -----  BIT      00BBH  1
RS0. . . . . . . . . . . . . . . . . .  ABSBIT   -----  BIT      00D3H  1
PT2. . . . . . . . . . . . . . . . . .  ABSBIT   -----  BIT      00BDH  1
TR0. . . . . . . . . . . . . . . . . .  ABSBIT   -----  BIT      008CH  1
RS1. . . . . . . . . . . . . . . . . .  ABSBIT   -----  BIT      00D4H  1
TR1. . . . . . . . . . . . . . . . . .  ABSBIT   -----  BIT      008EH  1
TR2. . . . . . . . . . . . . . . . . .  ABSBIT   -----  BIT      00CAH  1
PX0. . . . . . . . . . . . . . . . . .  ABSBIT   -----  BIT      00B8H  1
PX1. . . . . . . . . . . . . . . . . .  ABSBIT   -----  BIT      00BAH  1
DPH. . . . . . . . . . . . . . . . . .  SFR      DATA   U_CHAR   0083H  1
DPL. . . . . . . . . . . . . . . . . .  SFR      DATA   U_CHAR   0082H  1
EXEN2. . . . . . . . . . . . . . . . .  ABSBIT   -----  BIT      00CBH  1
REN. . . . . . . . . . . . . . . . . .  ABSBIT   -----  BIT      009CH  1
led0 . . . . . . . . . . . . . . . . .  ABSBIT   -----  BIT      00A0H  1
led1 . . . . . . . . . . . . . . . . .  ABSBIT   -----  BIT      00A1H  1
T2CON. . . . . . . . . . . . . . . . .  SFR      DATA   U_CHAR   00C8H  1
led2 . . . . . . . . . . . . . . . . .  ABSBIT   -----  BIT      00A2H  1
led3 . . . . . . . . . . . . . . . . .  ABSBIT   -----  BIT      00A3H  1
timer0_init. . . . . . . . . . . . . .  PUBLIC   CODE   PROC     0000H  -----
RXD. . . . . . . . . . . . . . . . . .  ABSBIT   -----  BIT      00B0H  1
TXD. . . . . . . . . . . . . . . . . .  ABSBIT   -----  BIT      00B1H  1
F0 . . . . . . . . . . . . . . . . . .  ABSBIT   -----  BIT      00D5H  1
PSW. . . . . . . . . . . . . . . . . .  SFR      DATA   U_CHAR   00D0H  1


MODULE INFORMATION:   STATIC OVERLAYABLE
   CODE SIZE        =     98    ----
   CONSTANT SIZE    =   ----    ----
   XDATA SIZE       =   ----    ----
   PDATA SIZE       =   ----    ----
   DATA SIZE        =      2       1
   IDATA SIZE       =   ----    ----
   BIT SIZE         =   ----    ----
   EDATA SIZE       =   ----    ----
   HDATA SIZE       =   ----    ----
   XDATA CONST SIZE =   ----    ----
   FAR CONST SIZE   =   ----    ----
END OF MODULE INFORMATION.


C51 COMPILATION COMPLETE.  0 WARNING(S),  0 ERROR(S)
