C51 COMPILER V9.01   24C02                                                                 05/30/2022 22:23:55 PAGE 1   


C51 COMPILER V9.01, COMPILATION OF MODULE 24C02
OBJECT MODULE PLACED IN .\Obj\24c02.obj
COMPILER INVOKED BY: D:\Keil\C51\BIN\C51.EXE App\24c02\24c02.c BROWSE INCDIR(.\App\24c02;.\Public;.\App\iic;.\App\key;.\
                    -App\smg) DEBUG OBJECTEXTEND PRINT(.\Obj\24c02.lst) OBJECT(.\Obj\24c02.obj)

line level    source

   1          #include "24c02.h"
   2          #include "iic.h"
   3          
   4          void at24c02_wirite_one_byte(u8 addr, u8 dat)
   5          {
   6   1          iic_start();
   7   1          iic_write_byte(0xA0);
   8   1          iic_wait_ack();
   9   1          iic_write_byte(addr);
  10   1          iic_wait_ack();
  11   1      
  12   1          iic_write_byte(dat);
  13   1          iic_wait_ack();
  14   1          iic_stop();
  15   1          delay_ms(10);
  16   1          
  17   1      }
  18          u8 at24c02_read_one_byte(u8 addr)
  19          {
  20   1          u8 tmp=0;
  21   1      
  22   1          iic_start();
  23   1          iic_wait_ack();
  24   1          iic_write_byte(addr);
  25   1          iic_wait_ack();
  26   1          iic_start();
  27   1          iic_write_byte(0xA1);
  28   1          iic_wait_ack();
  29   1          tmp = iic_read_byte(0);
  30   1          iic_stop();
  31   1          return tmp;
  32   1      
  33   1      }


MODULE INFORMATION:   STATIC OVERLAYABLE
   CODE SIZE        =     84    ----
   CONSTANT SIZE    =   ----    ----
   XDATA SIZE       =   ----    ----
   PDATA SIZE       =   ----    ----
   DATA SIZE        =   ----       4
   IDATA SIZE       =   ----    ----
   BIT SIZE         =   ----    ----
END OF MODULE INFORMATION.


C51 COMPILATION COMPLETE.  0 WARNING(S),  0 ERROR(S)
