C51 COMPILER V9.01   IIC                                                                   05/30/2022 22:23:55 PAGE 1   


C51 COMPILER V9.01, COMPILATION OF MODULE IIC
OBJECT MODULE PLACED IN .\Obj\iic.obj
COMPILER INVOKED BY: D:\Keil\C51\BIN\C51.EXE App\iic\iic.c BROWSE INCDIR(.\App\24c02;.\Public;.\App\iic;.\App\key;.\App\
                    -smg) DEBUG OBJECTEXTEND PRINT(.\Obj\iic.lst) OBJECT(.\Obj\iic.obj)

line level    source

   1          #include "iic.h"
   2          
   3          
   4          void iic_start(void)
   5          {
   6   1          IIC_SDA = 1;
   7   1          delay_10us(1);
   8   1          IIC_SCL = 1;
   9   1          delay_10us(1);
  10   1          IIC_SDA = 0;
  11   1          delay_10us(1);
  12   1          IIC_SCL=0;
  13   1          delay_10us(1);
  14   1      }
  15          void iic_stop(void)
  16          {
  17   1          IIC_SDA = 0;
  18   1          delay_10us(1);
  19   1      
  20   1          IIC_SCL =1;
  21   1          delay_10us(1);
  22   1      
  23   1          IIC_SDA = 1;
  24   1          delay_10us(1);
  25   1      }
  26          void iic_write_byte(u8 txd)
  27          {
  28   1          u8 i;
  29   1          IIC_SCL = 0;
  30   1          for(i = 0; i < 8; i++)
  31   1          {
  32   2              if(txd & 0x80)
  33   2                  IIC_SDA = 1;
  34   2              else 
  35   2                  IIC_SDA = 0;
  36   2              txd<<=1;
  37   2              delay_10us(1);
  38   2              IIC_SCL =1;
  39   2              delay_10us(1);
  40   2              IIC_SCL=0;
  41   2              delay_10us(1);
  42   2          }
  43   1      }
  44          u8 iic_read_byte(u8 ack)
  45          {
  46   1          u8 i,receive;
  47   1          for(i = 0; i < 8; i++)
  48   1          {
  49   2              IIC_SCL =0;
  50   2              delay_10us(1);
  51   2              IIC_SCL = 1;
  52   2              receive<<=1;
  53   2              if(IIC_SDA) receive++;
  54   2              delay_10us(1);
C51 COMPILER V9.01   IIC                                                                   05/30/2022 22:23:55 PAGE 2   

  55   2          }
  56   1          if(!ack)
  57   1              iic_nack();
  58   1          else
  59   1              iic_ack();
  60   1      }
*** WARNING C173 IN LINE 60 OF APP\IIC\IIC.C: missing return-expression
  61          u8 iic_wait_ack(void)
  62          {
  63   1          u8 time_tmp = 0;
  64   1          IIC_SCL = 0;
  65   1          delay_10us(1);
  66   1          while(IIC_SDA)
  67   1          {
  68   2              time_tmp++;
  69   2              if(time_tmp>100)
  70   2              {
  71   3                  iic_stop();
  72   3                  return 1;
  73   3              }
  74   2          }
  75   1          IIC_SCL = 0;
  76   1          return 0;
  77   1      
  78   1      }
  79          void iic_ack(void)
  80          {
  81   1          IIC_SCL=0;
  82   1          IIC_SDA=0;
  83   1          delay_10us(1);
  84   1          IIC_SCL=1;
  85   1          delay_10us(1);
  86   1          IIC_SCL =0;
  87   1      }
  88          void iic_nack(void)\
  89   1      {
  90   1          IIC_SCL=0;
  91   1          IIC_SDA=0;
  92   1          delay_10us(1);
  93   1          IIC_SCL=1;
  94   1          delay_10us(1);
  95   1          IIC_SCL=0;
  96   1      }
*** WARNING C290 IN LINE 60 OF APP\IIC\IIC.C: missing return value


MODULE INFORMATION:   STATIC OVERLAYABLE
   CODE SIZE        =    256    ----
   CONSTANT SIZE    =   ----    ----
   XDATA SIZE       =   ----    ----
   PDATA SIZE       =   ----    ----
   DATA SIZE        =   ----       6
   IDATA SIZE       =   ----    ----
   BIT SIZE         =   ----    ----
END OF MODULE INFORMATION.


C51 COMPILATION COMPLETE.  2 WARNING(S),  0 ERROR(S)
