C51 COMPILER V9.01   KEY                                                                   05/30/2022 22:23:55 PAGE 1   


C51 COMPILER V9.01, COMPILATION OF MODULE KEY
OBJECT MODULE PLACED IN .\Obj\key.obj
COMPILER INVOKED BY: D:\Keil\C51\BIN\C51.EXE App\key\key.c BROWSE INCDIR(.\App\24c02;.\Public;.\App\iic;.\App\key;.\App\
                    -smg) DEBUG OBJECTEXTEND PRINT(.\Obj\key.lst) OBJECT(.\Obj\key.obj)

line level    source

   1          #include "key.h"
   2          
   3          u8 key_scan(u8 mode)
   4          {
   5   1          static u8 key = 1;
   6   1      
   7   1          if (mode)
   8   1              key = 1;
   9   1      
  10   1          if (key == 1 && (key1 == 0 || key2 == 0 || key3 == 0 || key4 == 0))
  11   1          {
  12   2              delay_10us(1000); //消抖
  13   2              key = 0;
  14   2              if (key1 == 0)
  15   2                  return KEY1_PRESS;
  16   2              if (key2 == 0)
  17   2                  return KEY2_PRESS;
  18   2              if (key3 == 0)
  19   2                  return KEY3_PRESS;
  20   2              if (key4 == 0)
  21   2                  return KEY4_PRESS;
  22   2              if (key1 == 1 && key2 == 1 && key3 == 1 && key4 == 1)
  23   2                  key = 1;
  24   2          }
  25   1          return KEY_UNPRESS;
  26   1      }


MODULE INFORMATION:   STATIC OVERLAYABLE
   CODE SIZE        =     76    ----
   CONSTANT SIZE    =   ----    ----
   XDATA SIZE       =   ----    ----
   PDATA SIZE       =   ----    ----
   DATA SIZE        =      1    ----
   IDATA SIZE       =   ----    ----
   BIT SIZE         =   ----    ----
END OF MODULE INFORMATION.


C51 COMPILATION COMPLETE.  0 WARNING(S),  0 ERROR(S)
