C51 COMPILER V9.01   MAIN                                                                  05/30/2022 22:23:55 PAGE 1   


C51 COMPILER V9.01, COMPILATION OF MODULE MAIN
OBJECT MODULE PLACED IN .\Obj\main.obj
COMPILER INVOKED BY: D:\Keil\C51\BIN\C51.EXE User\main.c BROWSE INCDIR(.\App\24c02;.\Public;.\App\iic;.\App\key;.\App\sm
                    -g) DEBUG OBJECTEXTEND PRINT(.\Obj\main.lst) OBJECT(.\Obj\main.obj)

line level    source

   1          #include <public.h>
   2          #include <iic.h>
   3          #include <24c02.h>
   4          #include <key.h>
   5          #include <smg.h>
   6          
   7          #define EEPROM_ADDRESS 0
   8          
   9          int main()
  10          {
  11   1          u8 key_tmp = 0;
  12   1          u8 save_value = 0;
  13   1          u8 save_buf[3] = 0;
  14   1          while (1)
  15   1          {
  16   2              key_tmp =key_scan(0);
  17   2              if(key_tmp == KEY1_PRESS)
  18   2              {
  19   3                  at24c02_write_one_byte(EEPROM_ADDRESS,save_value);
  20   3              }
  21   2              if(key_tmp == KEY2_PRESS)
  22   2              {
  23   3                  save_value = at24c02_read_one_byte(EEPROM_ADDRESS);
  24   3      
  25   3              }
  26   2              if(key_tmp == KEY3_PRESS)
  27   2              {
  28   3                  save_value++;
  29   3                  if(save_value == 256) save_value = 255;
  30   3              }
  31   2              if(key_tmp == KEY4_PRESS)
  32   2              save_value=0;
  33   2      
  34   2              save_buf[0] = save_value/100;
  35   2              save_buf[1] = save_value%100/10;
  36   2              save_buf[2] = save_value%100%10;
  37   2              smg_display(save_buf,6);
  38   2          }
  39   1      }


MODULE INFORMATION:   STATIC OVERLAYABLE
   CODE SIZE        =    123    ----
   CONSTANT SIZE    =      3    ----
   XDATA SIZE       =   ----    ----
   PDATA SIZE       =   ----    ----
   DATA SIZE        =   ----       5
   IDATA SIZE       =   ----    ----
   BIT SIZE         =   ----    ----
END OF MODULE INFORMATION.


C51 COMPILATION COMPLETE.  0 WARNING(S),  0 ERROR(S)
