C51 COMPILER V9.01   PUBLIC                                                                05/30/2022 22:23:55 PAGE 1   


C51 COMPILER V9.01, COMPILATION OF MODULE PUBLIC
OBJECT MODULE PLACED IN .\Obj\public.obj
COMPILER INVOKED BY: D:\Keil\C51\BIN\C51.EXE Public\public.c BROWSE INCDIR(.\App\24c02;.\Public;.\App\iic;.\App\key;.\Ap
                    -p\smg) DEBUG OBJECTEXTEND PRINT(.\Obj\public.lst) OBJECT(.\Obj\public.obj)

line level    source

   1          #include "public.h"
   2          
   3          void delay_10us(u16 ten_us)
   4          {
   5   1          while (ten_us--)
   6   1              ;
   7   1      }
   8          
   9          void delay_ms(u16 ms)
  10          {
  11   1          u16 i, j;
  12   1          for (i = 0; i < ms; i++)
  13   1              for (j = 110; j > 0; j--)
  14   1                  ;
  15   1      }


MODULE INFORMATION:   STATIC OVERLAYABLE
   CODE SIZE        =     42    ----
   CONSTANT SIZE    =   ----    ----
   XDATA SIZE       =   ----    ----
   PDATA SIZE       =   ----    ----
   DATA SIZE        =   ----    ----
   IDATA SIZE       =   ----    ----
   BIT SIZE         =   ----    ----
END OF MODULE INFORMATION.


C51 COMPILATION COMPLETE.  0 WARNING(S),  0 ERROR(S)
