C51 COMPILER V9.01   SMG                                                                   05/30/2022 22:23:55 PAGE 1   


C51 COMPILER V9.01, COMPILATION OF MODULE SMG
OBJECT MODULE PLACED IN .\Obj\smg.obj
COMPILER INVOKED BY: D:\Keil\C51\BIN\C51.EXE App\smg\smg.c BROWSE INCDIR(.\App\24c02;.\Public;.\App\iic;.\App\key;.\App\
                    -smg) DEBUG OBJECTEXTEND PRINT(.\Obj\smg.lst) OBJECT(.\Obj\smg.obj)

line level    source

   1          #include "smg.h"
   2          
   3          u8 gsmg_code[] = {
   4              0x3f, 0x06, 0x5b, 0x4f, 0x66, 0x6d, 0x7d, 0x07,
   5              0x7f, 0x6f, 0x77, 0x7c, 0x39, 0x5e, 0x79, 0x71};
   6          
   7          void smg_code(u8 dat[], u8 pos)
   8          {
   9   1          u8 i = 0;
  10   1          u8 pos_tmp = pos - 1;
  11   1          for (i = 0; i < pos_tmp; i++)
  12   1          {
  13   2              switch (i)
  14   2              {
  15   3              case 0:
  16   3                  LSC = 1;
  17   3                  LSB = 1;
  18   3                  LSA = 1;
  19   3                  break;
  20   3              case 1:
  21   3                  LSC = 1;
  22   3                  LSB = 1;
  23   3                  LSA = 0;
  24   3                  break;
  25   3              case 2:
  26   3                  LSC = 1;
  27   3                  LSB = 0;
  28   3                  LSA = 1;
  29   3                  break;
  30   3              case 3:
  31   3                  LSC = 1;
  32   3                  LSB = 0;
  33   3                  LSA = 0;
  34   3                  break;
  35   3              case 4:
  36   3                  LSC = 0;
  37   3                  LSB = 1;
  38   3                  LSA = 1;
  39   3                  break;
  40   3              case 5:
  41   3                  LSC = 0;
  42   3                  LSB = 1;
  43   3                  LSA = 0;
  44   3                  break;
  45   3              case 6:
  46   3                  LSC = 0;
  47   3                  LSB = 0;
  48   3                  LSA = 1;
  49   3                  break;
  50   3              case 7:
  51   3                  LSC = 0;
  52   3                  LSB = 0;
  53   3                  LSA = 1;
  54   3                  break;
C51 COMPILER V9.01   SMG                                                                   05/30/2022 22:23:55 PAGE 2   

  55   3              }
  56   2              SMG_A_DP_PORT = gsmg_code[dat[i - pos_tmp]];
  57   2              delay_10us(100);
  58   2              SMG_A_DP_PORT = 0x00;
  59   2          }
  60   1      }


MODULE INFORMATION:   STATIC OVERLAYABLE
   CODE SIZE        =    147    ----
   CONSTANT SIZE    =   ----    ----
   XDATA SIZE       =   ----    ----
   PDATA SIZE       =   ----    ----
   DATA SIZE        =     16       5
   IDATA SIZE       =   ----    ----
   BIT SIZE         =   ----    ----
END OF MODULE INFORMATION.


C51 COMPILATION COMPLETE.  0 WARNING(S),  0 ERROR(S)
