[2022-05-27 19:09:23]	[done]
	build successfully !

[2022-05-27 19:10:10]	[done]
	build successfully !

[2022-05-27 19:11:04]	[done]
	build successfully !

[2022-05-27 19:11:44]	[done]
	build successfully !

[2022-05-27 19:12:21]	compilation failed at : "f:\Station\EmbedPorj\Timer\src\main.c", exit code: 2
  at unify_builder.Program.Main (System.String[] args) [0x0178e] in <6d8c0f91f6d94a3cb9e4240f591355c3>:0 
---
C51 COMPILER V9.60.0.0 - SN: Eval Version
COPYRIGHT Copyright (C) 2012 - 2019 ARM Ltd and ARM Germany GmbH. All rights reserved.
*** ERROR C231 IN LINE 37 OF .\SRC\MAIN.C: 'P2': redefinition
*** ERROR C231 IN LINE 37 OF .\SRC\MAIN.C: 'P2': redefinition
C51 COMPILATION COMPLETE.  0 WARNING(S),  2 ERROR(S)

[2022-05-27 19:18:55]	[done]
	build successfully !

[2022-05-27 20:10:42]	[done]
	build successfully !

[2022-05-27 20:10:46]	[done]
	build successfully !

[2022-05-27 20:15:20]	[done]
	build successfully !

[2022-05-27 20:15:51]	[done]
	build successfully !

[2022-05-27 20:18:36]	[done]
	build successfully !

[2022-05-27 20:19:17]	[done]
	build successfully !

[2022-05-27 20:25:12]	[done]
	build successfully !

[2022-05-27 20:33:56]	[done]
	build successfully !

