[2022-05-24 15:29:52]	compilation failed at : "f:\Station\EmbedPorj\数码管动态显示\src\main.c", exit code: 2
  at unify_builder.Program.Main (System.String[] args) [0x0178e] in <6d8c0f91f6d94a3cb9e4240f591355c3>:0 
---
C51 COMPILER V9.60.0.0 - SN: Eval Version
COPYRIGHT Copyright (C) 2012 - 2019 ARM Ltd and ARM Germany GmbH. All rights reserved.
*** ERROR C141 IN LINE 64 OF .\SRC\MAIN.C: syntax error near '=', expected ';'
*** ERROR C141 IN LINE 64 OF .\SRC\MAIN.C: syntax error near '=', expected ';'
*** ERROR C141 IN LINE 64 OF .\SRC\MAIN.C: syntax error near '=', expected ';'
*** ERROR C141 IN LINE 68 OF .\SRC\MAIN.C: syntax error near '=', expected ';'
*** ERROR C141 IN LINE 68 OF .\SRC\MAIN.C: syntax error near '=', expected ';'
*** ERROR C141 IN LINE 68 OF .\SRC\MAIN.C: syntax error near '=', expected ';'
*** ERROR C141 IN LINE 72 OF .\SRC\MAIN.C: syntax error near '=', expected ';'
*** ERROR C141 IN LINE 72 OF .\SRC\MAIN.C: syntax error near '=', expected ';'
*** ERROR C141 IN LINE 72 OF .\SRC\MAIN.C: syntax error near '=', expected ';'
*** ERROR C141 IN LINE 76 OF .\SRC\MAIN.C: syntax error near '=', expected ';'
*** ERROR C141 IN LINE 76 OF .\SRC\MAIN.C: syntax error near '=', expected ';'
*** ERROR C141 IN LINE 76 OF .\SRC\MAIN.C: syntax error near '=', expected ';'
*** ERROR C141 IN LINE 80 OF .\SRC\MAIN.C: syntax error near '=', expected ';'
*** ERROR C141 IN LINE 80 OF .\SRC\MAIN.C: syntax error near '=', expected ';'
*** ERROR C141 IN LINE 80 OF .\SRC\MAIN.C: syntax error near '=', expected ';'
*** ERROR C141 IN LINE 84 OF .\SRC\MAIN.C: syntax error near '=', expected ';'
*** ERROR C141 IN LINE 84 OF .\SRC\MAIN.C: syntax error near '=', expected ';'
*** ERROR C141 IN LINE 84 OF .\SRC\MAIN.C: syntax error near '=', expected ';'
*** ERROR C141 IN LINE 88 OF .\SRC\MAIN.C: syntax error near '=', expected ';'
*** ERROR C141 IN LINE 88 OF .\SRC\MAIN.C: syntax error near '=', expected ';'
*** ERROR C141 IN LINE 88 OF .\SRC\MAIN.C: syntax error near '=', expected ';'
*** ERROR C141 IN LINE 92 OF .\SRC\MAIN.C: syntax error near '=', expected ';'
*** ERROR C141 IN LINE 92 OF .\SRC\MAIN.C: syntax error near '=', expected ';'
*** ERROR C141 IN LINE 92 OF .\SRC\MAIN.C: syntax error near '=', expected ';'
C51 COMPILATION COMPLETE.  0 WARNING(S),  24 ERROR(S)

[2022-05-24 15:33:42]	[done]
	build successfully !

[2022-05-24 15:39:45]	[done]
	build successfully !

[2022-05-24 15:40:23]	[done]
	build successfully !

[2022-05-24 15:41:01]	[done]
	build successfully !

[2022-05-24 15:41:37]	[done]
	build successfully !

[2022-05-24 15:42:25]	[done]
	build successfully !

[2022-05-24 15:46:10]	[done]
	build successfully !

