[2022-05-31 16:10:50]	compilation failed at : "f:\Station\EmbedPorj\DS20B18温度传感器\App\ds18b20\ds18b20.c", exit code: 2
   at unify_builder.Program.Main(String[] args)
---
C51 COMPILER V9.60.0.0 - SN: Eval Version
COPYRIGHT Copyright (C) 2012 - 2019 ARM Ltd and ARM Germany GmbH. All rights reserved.
*** ERROR C301 IN LINE 13 OF .\Public\public.h: identifier expected
*** ERROR C231 IN LINE 27 OF .\APP\DS18B20\DS18B20.C: 'ds18b20_init': redefinition
*** ERROR C231 IN LINE 31 OF .\APP\DS18B20\DS18B20.C: 'ds18b20_init': redefinition
*** ERROR C231 IN LINE 51 OF .\APP\DS18B20\DS18B20.C: 'ds18b20_check': redefinition
*** ERROR C231 IN LINE 72 OF .\APP\DS18B20\DS18B20.C: 'ds18b20_check': redefinition
*** WARNING C316 IN LINE 167 OF .\APP\DS18B20\DS18B20.C: unterminated conditionals
C51 COMPILATION COMPLETE.  1 WARNING(S),  5 ERROR(S)

[2022-05-31 16:12:35]	compilation failed at : "f:\Station\EmbedPorj\DS20B18温度传感器\App\ds18b20\ds18b20.c", exit code: 2
   at unify_builder.Program.Main(String[] args)
---
C51 COMPILER V9.60.0.0 - SN: Eval Version
COPYRIGHT Copyright (C) 2012 - 2019 ARM Ltd and ARM Germany GmbH. All rights reserved.
*** ERROR C301 IN LINE 13 OF .\Public\public.h: identifier expected
*** ERROR C231 IN LINE 27 OF .\APP\DS18B20\DS18B20.C: 'ds18b20_init': redefinition
*** ERROR C231 IN LINE 31 OF .\APP\DS18B20\DS18B20.C: 'ds18b20_init': redefinition
*** ERROR C231 IN LINE 51 OF .\APP\DS18B20\DS18B20.C: 'ds18b20_check': redefinition
*** ERROR C231 IN LINE 72 OF .\APP\DS18B20\DS18B20.C: 'ds18b20_check': redefinition
*** WARNING C316 IN LINE 167 OF .\APP\DS18B20\DS18B20.C: unterminated conditionals
C51 COMPILATION COMPLETE.  1 WARNING(S),  5 ERROR(S)

[2022-05-31 16:12:54]	compilation failed at : "f:\Station\EmbedPorj\DS20B18温度传感器\App\ds18b20\ds18b20.c", exit code: 2
   at unify_builder.Program.Main(String[] args)
---
C51 COMPILER V9.60.0.0 - SN: Eval Version
COPYRIGHT Copyright (C) 2012 - 2019 ARM Ltd and ARM Germany GmbH. All rights reserved.
*** ERROR C301 IN LINE 13 OF .\Public\public.h: identifier expected
*** ERROR C231 IN LINE 27 OF .\APP\DS18B20\DS18B20.C: 'ds18b20_init': redefinition
*** ERROR C231 IN LINE 31 OF .\APP\DS18B20\DS18B20.C: 'ds18b20_init': redefinition
*** ERROR C231 IN LINE 51 OF .\APP\DS18B20\DS18B20.C: 'ds18b20_check': redefinition
*** ERROR C231 IN LINE 72 OF .\APP\DS18B20\DS18B20.C: 'ds18b20_check': redefinition
*** WARNING C316 IN LINE 167 OF .\APP\DS18B20\DS18B20.C: unterminated conditionals
C51 COMPILATION COMPLETE.  1 WARNING(S),  5 ERROR(S)

[2022-05-31 16:14:13]	compilation failed at : "f:\Station\EmbedPorj\DS20B18温度传感器\App\ds18b20\ds18b20.c", exit code: 2
   at unify_builder.Program.Main(String[] args)
---
C51 COMPILER V9.60.0.0 - SN: Eval Version
COPYRIGHT Copyright (C) 2012 - 2019 ARM Ltd and ARM Germany GmbH. All rights reserved.
*** ERROR C301 IN LINE 13 OF .\Public\public.h: identifier expected
*** ERROR C202 IN LINE 153 OF .\APP\DS18B20\DS18B20.C: 'oxf800': undefined identifier
*** WARNING C316 IN LINE 167 OF .\APP\DS18B20\DS18B20.C: unterminated conditionals
C51 COMPILATION COMPLETE.  1 WARNING(S),  2 ERROR(S)

[2022-05-31 16:14:40]	compilation failed at : "f:\Station\EmbedPorj\DS20B18温度传感器\App\ds18b20\ds18b20.c", exit code: 2
   at unify_builder.Program.Main(String[] args)
---
C51 COMPILER V9.60.0.0 - SN: Eval Version
COPYRIGHT Copyright (C) 2012 - 2019 ARM Ltd and ARM Germany GmbH. All rights reserved.
*** WARNING C280 IN LINE 28 OF .\APP\DS18B20\DS18B20.C: 'flag': unreferenced local variable
*** ERROR C202 IN LINE 153 OF .\APP\DS18B20\DS18B20.C: 'oxf800': undefined identifier
*** WARNING C316 IN LINE 167 OF .\APP\DS18B20\DS18B20.C: unterminated conditionals
C51 COMPILATION COMPLETE.  2 WARNING(S),  1 ERROR(S)

[2022-05-31 16:15:14]	compilation failed at : "f:\Station\EmbedPorj\DS20B18温度传感器\App\msg\msg.c", exit code: 2
   at unify_builder.Program.Main(String[] args)
---
C51 COMPILER V9.60.0.0 - SN: Eval Version
COPYRIGHT Copyright (C) 2012 - 2019 ARM Ltd and ARM Germany GmbH. All rights reserved.
*** ERROR C129 IN LINE 13 OF .\APP\MSG\msg.h: missing ';' before 'LSC'
C51 COMPILATION COMPLETE.  0 WARNING(S),  1 ERROR(S)

[2022-05-31 16:15:30]	compilation failed at : "f:\Station\EmbedPorj\DS20B18温度传感器\App\msg\msg.c", exit code: 2
   at unify_builder.Program.Main(String[] args)
---
C51 COMPILER V9.60.0.0 - SN: Eval Version
COPYRIGHT Copyright (C) 2012 - 2019 ARM Ltd and ARM Germany GmbH. All rights reserved.
*** ERROR C141 IN LINE 3 OF .\APP\MSG\MSG.C: syntax error near '}', expected 'sizeof'
C51 COMPILATION COMPLETE.  0 WARNING(S),  1 ERROR(S)

[2022-05-31 16:17:09]	compilation failed at : "f:\Station\EmbedPorj\DS20B18温度传感器\Public\public.c", exit code: 2
   at unify_builder.Program.Main(String[] args)
---
C51 COMPILER V9.60.0.0 - SN: Eval Version
COPYRIGHT Copyright (C) 2012 - 2019 ARM Ltd and ARM Germany GmbH. All rights reserved.
*** ERROR C202 IN LINE 10 OF .\PUBLIC\PUBLIC.C: 'j': undefined identifier
*** ERROR C202 IN LINE 13 OF .\PUBLIC\PUBLIC.C: 'j': undefined identifier
C51 COMPILATION COMPLETE.  0 WARNING(S),  2 ERROR(S)

[2022-05-31 16:17:21]	link failed !, exit code: 2
   at unify_builder.Program.Main(String[] args)
---
LX51 LINKER/LOCATER V4.66.97.0 - SN: Eval Version
COPYRIGHT ARM Germany GmbH 1995 - 2019
"@f:\Station\EmbedPorj\DS20B18温度传感器\build\Target 1\DS20B18温度传感器.lnp" 
".\build\Target 1\App\ds18b20\ds18b20.o",".\build\Target 1\App\msg\msg.o",".\build\Target 1\Public\public.o",".\build\Target 1\User\main.o" TO ".\build\Target 1\DS20B18温度传感器"
PRINT(".\build\Target 1\DS20B18温度传感器.map") REMOVEUNUSED
*** ERROR L127: UNRESOLVED EXTERNAL SYMBOL
    SYMBOL:  ds18b20_start
    MODULE:  .\build\Target 1\App\ds18b20\ds18b20.o (DS18B20)
******************************************************************************
* RESTRICTED VERSION WITH 0800H BYTE CODE SIZE LIMIT; USED: 025CH BYTE (29%) *
******************************************************************************
Program Size: data=27.0 xdata=0 const=0 code=802
LX51 RUN COMPLETE.  0 WARNING(S),  1 ERROR(S)


[2022-05-31 16:18:30]	link failed !, exit code: 2
   at unify_builder.Program.Main(String[] args)
---
LX51 LINKER/LOCATER V4.66.97.0 - SN: Eval Version
COPYRIGHT ARM Germany GmbH 1995 - 2019
"@f:\Station\EmbedPorj\DS20B18温度传感器\build\Target 1\DS20B18温度传感器.lnp" 
".\build\Target 1\App\ds18b20\ds18b20.o",".\build\Target 1\App\msg\msg.o",".\build\Target 1\Public\public.o",".\build\Target 1\User\main.o" TO ".\build\Target 1\DS20B18温度传感器"
PRINT(".\build\Target 1\DS20B18温度传感器.map") REMOVEUNUSED
*** ERROR L127: UNRESOLVED EXTERNAL SYMBOL
    SYMBOL:  ds18b20_start
    MODULE:  .\build\Target 1\App\ds18b20\ds18b20.o (DS18B20)
******************************************************************************
* RESTRICTED VERSION WITH 0800H BYTE CODE SIZE LIMIT; USED: 025CH BYTE (29%) *
******************************************************************************
Program Size: data=27.0 xdata=0 const=0 code=802
LX51 RUN COMPLETE.  0 WARNING(S),  1 ERROR(S)


[2022-05-31 16:19:16]	[done]
	build successfully !

[2022-05-31 16:20:44]	[done]
	build successfully !

[2022-05-31 16:25:15]	[done]
	build successfully !

[2022-05-31 17:17:53]	compilation failed at : "f:\Station\EmbedPorj\DS20B18温度传感器\User\main.c", exit code: 2
   at unify_builder.Program.Main(String[] args)
---
C51 COMPILER V9.60.0.0 - SN: Eval Version
COPYRIGHT Copyright (C) 2012 - 2019 ARM Ltd and ARM Germany GmbH. All rights reserved.
*** ERROR C141 IN LINE 9 OF .\USER\MAIN.C: syntax error near 'long', expected '__asm'
*** ERROR C202 IN LINE 9 OF .\USER\MAIN.C: 'tempur': undefined identifier
*** ERROR C141 IN LINE 10 OF .\USER\MAIN.C: syntax error near 'long', expected '__asm'
*** ERROR C202 IN LINE 10 OF .\USER\MAIN.C: 'dotNumber': undefined identifier
*** ERROR C141 IN LINE 11 OF .\USER\MAIN.C: syntax error near 'u8', expected '__asm'
*** ERROR C202 IN LINE 11 OF .\USER\MAIN.C: 'tempur_smg': undefined identifier
*** ERROR C202 IN LINE 20 OF .\USER\MAIN.C: 'tempur': undefined identifier
*** ERROR C202 IN LINE 21 OF .\USER\MAIN.C: 'tempur': undefined identifier
*** ERROR C202 IN LINE 23 OF .\USER\MAIN.C: 'tempur': undefined identifier
*** ERROR C202 IN LINE 24 OF .\USER\MAIN.C: 'tempur_smg': undefined identifier
*** ERROR C202 IN LINE 28 OF .\USER\MAIN.C: 'tempur_smg': undefined identifier
*** ERROR C202 IN LINE 31 OF .\USER\MAIN.C: 'tempur_smg': undefined identifier
*** ERROR C202 IN LINE 33 OF .\USER\MAIN.C: 'tempur_smg': undefined identifier
*** ERROR C202 IN LINE 35 OF .\USER\MAIN.C: 'tempur_smg': undefined identifier
*** ERROR C202 IN LINE 37 OF .\USER\MAIN.C: 'dotNumber': undefined identifier
*** ERROR C202 IN LINE 39 OF .\USER\MAIN.C: 'tempur_smg': undefined identifier
*** ERROR C202 IN LINE 41 OF .\USER\MAIN.C: 'tempur_smg': undefined identifier
*** ERROR C202 IN LINE 43 OF .\USER\MAIN.C: 'tempur_smg': undefined identifier
*** ERROR C202 IN LINE 45 OF .\USER\MAIN.C: 'tempur_smg': undefined identifier
*** ERROR C202 IN LINE 46 OF .\USER\MAIN.C: 'tempur_smg': undefined identifier
C51 COMPILATION COMPLETE.  0 WARNING(S),  20 ERROR(S)

[2022-05-31 17:18:59]	compilation failed at : "f:\Station\EmbedPorj\DS20B18温度传感器\User\main.c", exit code: 2
   at unify_builder.Program.Main(String[] args)
---
C51 COMPILER V9.60.0.0 - SN: Eval Version
COPYRIGHT Copyright (C) 2012 - 2019 ARM Ltd and ARM Germany GmbH. All rights reserved.
*** ERROR C141 IN LINE 9 OF .\USER\MAIN.C: syntax error near 'u16', expected '__asm'
*** ERROR C202 IN LINE 9 OF .\USER\MAIN.C: 'tempur': undefined identifier
*** ERROR C141 IN LINE 10 OF .\USER\MAIN.C: syntax error near 'u16', expected '__asm'
*** ERROR C202 IN LINE 10 OF .\USER\MAIN.C: 'dotNumber': undefined identifier
*** ERROR C141 IN LINE 11 OF .\USER\MAIN.C: syntax error near 'u8', expected '__asm'
*** ERROR C202 IN LINE 11 OF .\USER\MAIN.C: 'tempur_smg': undefined identifier
*** ERROR C202 IN LINE 20 OF .\USER\MAIN.C: 'tempur': undefined identifier
*** ERROR C202 IN LINE 21 OF .\USER\MAIN.C: 'tempur': undefined identifier
*** ERROR C202 IN LINE 23 OF .\USER\MAIN.C: 'tempur': undefined identifier
*** ERROR C202 IN LINE 24 OF .\USER\MAIN.C: 'tempur_smg': undefined identifier
*** ERROR C202 IN LINE 28 OF .\USER\MAIN.C: 'tempur_smg': undefined identifier
*** ERROR C202 IN LINE 31 OF .\USER\MAIN.C: 'tempur_smg': undefined identifier
*** ERROR C202 IN LINE 33 OF .\USER\MAIN.C: 'tempur_smg': undefined identifier
*** ERROR C202 IN LINE 35 OF .\USER\MAIN.C: 'tempur_smg': undefined identifier
*** ERROR C202 IN LINE 37 OF .\USER\MAIN.C: 'dotNumber': undefined identifier
*** ERROR C202 IN LINE 39 OF .\USER\MAIN.C: 'tempur_smg': undefined identifier
*** ERROR C202 IN LINE 41 OF .\USER\MAIN.C: 'tempur_smg': undefined identifier
*** ERROR C202 IN LINE 43 OF .\USER\MAIN.C: 'tempur_smg': undefined identifier
*** ERROR C202 IN LINE 45 OF .\USER\MAIN.C: 'tempur_smg': undefined identifier
*** ERROR C202 IN LINE 46 OF .\USER\MAIN.C: 'tempur_smg': undefined identifier
C51 COMPILATION COMPLETE.  0 WARNING(S),  20 ERROR(S)

[2022-05-31 17:20:13]	[done]
	build successfully !

[2022-05-31 17:21:57]	[done]
	build successfully !

[2022-05-31 17:22:01]	[done]
	build successfully !

[2022-05-31 17:24:38]	[done]
	build successfully !

[2022-05-31 17:24:42]	[done]
	build successfully !

[2022-05-31 17:28:11]	[done]
	build successfully !

[2022-05-31 17:34:05]	[done]
	build successfully !

[2022-05-31 17:37:19]	[done]
	build successfully !

[2022-05-31 17:38:15]	[done]
	build successfully !

[2022-05-31 17:38:21]	[done]
	build successfully !

[2022-05-31 17:47:53]	compilation failed at : "f:\Station\EmbedPorj\DS20B18温度传感器\User\main.c", exit code: 2
   at unify_builder.Program.Main(String[] args)
---
C51 COMPILER V9.60.0.0 - SN: Eval Version
COPYRIGHT Copyright (C) 2012 - 2019 ARM Ltd and ARM Germany GmbH. All rights reserved.
*** ERROR C141 IN LINE 12 OF .\USER\MAIN.C: syntax error near 'while', expected ';'
C51 COMPILATION COMPLETE.  0 WARNING(S),  1 ERROR(S)

[2022-05-31 17:48:08]	[done]
	build successfully !

[2022-05-31 17:50:20]	[done]
	build successfully !

[2022-05-31 17:55:38]	[done]
	build successfully !

[2022-05-31 19:00:52]	[done]
	build successfully !

[2022-05-31 19:11:22]	[done]
	build successfully !

[2022-05-31 19:23:56]	[done]
	build successfully !

