C51 COMPILER V9.60.0.0   MAIN                                                              05/26/2022 07:16:19 PAGE 1   


C51 COMPILER V9.60.0.0, COMPILATION OF MODULE MAIN
OBJECT MODULE PLACED IN .\build\Debug\src\main.o
COMPILER INVOKED BY: D:\Keil_v5\C51\BIN\C51.exe .\SRC\MAIN.C PRINT(.\build\Debug\src\main.lst) OMF2 TABS(4) CODE NOCOND 
                    -SYMBOLS OPTIMIZE(8,SPEED) SMALL ROM(LARGE) INCDIR(.\..\..\custom_include;D:\Keil_v5\C51\INC;.\src;.\inc) DEFINE(__UVISIO
                    -N_VERSION=526) OBJECT(.\build\Debug\src\main.o)

line level    source

   1          #include <gunfire_condefine.h>
   2          
   3          int main()
   4          {
   5   1          delay_ms(2000);//两秒的准备
   6   1          while(1)
   7   1          {
   8   2          GUNFIRE_DC_Motor = 1;
   9   2          delay_ms(5000);//跑5s
  10   2          GUNFIRE_DC_Motor = 0;
  11   2          delay_ms(3000);//休息3s
  12   2          }
  13   1      }
C51 COMPILER V9.60.0.0   MAIN                                                              05/26/2022 07:16:19 PAGE 2   

ASSEMBLY LISTING OF GENERATED OBJECT CODE


             ; FUNCTION _sleep (BEGIN)
                                           ; SOURCE LINE # 42
;---- Variable 'timeout' assigned to Register 'R6/R7' ----
                                           ; SOURCE LINE # 43
0000         ?C0001:
                                           ; SOURCE LINE # 44
0000 EF                MOV     A,R7
0001 1F                DEC     R7
0002 AC06              MOV     R4,AR6
0004 7001              JNZ     ?C0017
0006 1E                DEC     R6
0007         ?C0017:
0007 4C                ORL     A,R4
0008 70F6              JNZ     ?C0001
                                           ; SOURCE LINE # 45
000A 22                RET     
             ; FUNCTION _sleep (END)

             ; FUNCTION _delay_10us (BEGIN)
                                           ; SOURCE LINE # 46
;---- Variable 'ten_us' assigned to Register 'R6/R7' ----
                                           ; SOURCE LINE # 47
0000         ?C0004:
                                           ; SOURCE LINE # 48
0000 EF                MOV     A,R7
0001 1F                DEC     R7
0002 AC06              MOV     R4,AR6
0004 7001              JNZ     ?C0018
0006 1E                DEC     R6
0007         ?C0018:
0007 4C                ORL     A,R4
0008 70F6              JNZ     ?C0004
                                           ; SOURCE LINE # 49
000A 22                RET     
             ; FUNCTION _delay_10us (END)

             ; FUNCTION _delay_ms (BEGIN)
                                           ; SOURCE LINE # 51
;---- Variable 'ms' assigned to Register 'R6/R7' ----
                                           ; SOURCE LINE # 52
                                           ; SOURCE LINE # 54
;---- Variable 'i' assigned to Register 'R4/R5' ----
0000 E4                CLR     A
0001 FD                MOV     R5,A
0002 FC                MOV     R4,A
0003         ?C0007:
0003 C3                CLR     C
0004 ED                MOV     A,R5
0005 9F                SUBB    A,R7
0006 EC                MOV     A,R4
0007 9E                SUBB    A,R6
0008 5014              JNC     ?C0013
                                           ; SOURCE LINE # 55
;---- Variable 'j' assigned to Register 'R2/R3' ----
000A 7B6E              MOV     R3,#06EH
000C 7A00              MOV     R2,#00H
000E         ?C0010:
000E EB                MOV     A,R3
000F 1B                DEC     R3
C51 COMPILER V9.60.0.0   MAIN                                                              05/26/2022 07:16:19 PAGE 3   

0010 7001              JNZ     ?C0019
0012 1A                DEC     R2
0013         ?C0019:
0013 EB                MOV     A,R3
0014 4A                ORL     A,R2
0015 70F7              JNZ     ?C0010
0017         ?C0009:
0017 0D                INC     R5
0018 BD0001            CJNE    R5,#00H,?C0020
001B 0C                INC     R4
001C         ?C0020:
001C 80E5              SJMP    ?C0007
                                           ; SOURCE LINE # 56
001E         ?C0013:
001E 22                RET     
             ; FUNCTION _delay_ms (END)

             ; FUNCTION main (BEGIN)
                                           ; SOURCE LINE # 3
                                           ; SOURCE LINE # 4
                                           ; SOURCE LINE # 5
0000 7FD0              MOV     R7,#0D0H
0002 7E07              MOV     R6,#07H
0004 120000      R     LCALL   _delay_ms
0007         ?C0014:
                                           ; SOURCE LINE # 6
                                           ; SOURCE LINE # 7
                                           ; SOURCE LINE # 8
0007 D290              SETB    GUNFIRE_DC_Motor
                                           ; SOURCE LINE # 9
0009 7F88              MOV     R7,#088H
000B 7E13              MOV     R6,#013H
000D 120000      R     LCALL   _delay_ms
                                           ; SOURCE LINE # 10
0010 C290              CLR     GUNFIRE_DC_Motor
                                           ; SOURCE LINE # 11
0012 7FB8              MOV     R7,#0B8H
0014 7E0B              MOV     R6,#0BH
0016 120000      R     LCALL   _delay_ms
                                           ; SOURCE LINE # 12
0019 80EC              SJMP    ?C0014
             ; FUNCTION main (END)

C51 COMPILER V9.60.0.0   MAIN                                                              05/26/2022 07:16:19 PAGE 4   

NAME                                    CLASS   MSPACE  TYPE    OFFSET  SIZE
====                                    =====   ======  ====    ======  ====


P0 . . . . . . . . . . . . . . . . . .  SFR      DATA   U_CHAR   0080H  1
GUNFIRE_indpendentKey1 . . . . . . . .  ABSBIT   -----  BIT      00B1H  1
P1 . . . . . . . . . . . . . . . . . .  SFR      DATA   U_CHAR   0090H  1
GUNFIRE_indpendentKey2 . . . . . . . .  ABSBIT   -----  BIT      00B0H  1
P2 . . . . . . . . . . . . . . . . . .  SFR      DATA   U_CHAR   00A0H  1
GUNFIRE_indpendentKey3 . . . . . . . .  ABSBIT   -----  BIT      00B2H  1
P3 . . . . . . . . . . . . . . . . . .  SFR      DATA   U_CHAR   00B0H  1
GUNFIRE_indpendentKey4 . . . . . . . .  ABSBIT   -----  BIT      00B3H  1
T0 . . . . . . . . . . . . . . . . . .  ABSBIT   -----  BIT      00B4H  1
AC . . . . . . . . . . . . . . . . . .  ABSBIT   -----  BIT      00D6H  1
GUNFIRE_HC595_SRCLK. . . . . . . . . .  ABSBIT   -----  BIT      00B6H  1
T1 . . . . . . . . . . . . . . . . . .  ABSBIT   -----  BIT      00B5H  1
T2 . . . . . . . . . . . . . . . . . .  ABSBIT   -----  BIT      0090H  1
EA . . . . . . . . . . . . . . . . . .  ABSBIT   -----  BIT      00AFH  1
GUNFIRE_DT_SegSelection_A0 . . . . . .  ABSBIT   -----  BIT      00A2H  1
GUNFIRE_DT_SegSelection_A1 . . . . . .  ABSBIT   -----  BIT      00A3H  1
GUNFIRE_DT_SegSelection_A2 . . . . . .  ABSBIT   -----  BIT      00A4H  1
IE . . . . . . . . . . . . . . . . . .  SFR      DATA   U_CHAR   00A8H  1
GUNFIRE_beep . . . . . . . . . . . . .  ABSBIT   -----  BIT      00A5H  1
gs8. . . . . . . . . . . . . . . . . .  TYPEDEF  -----  CHAR     -----  1
gu8. . . . . . . . . . . . . . . . . .  TYPEDEF  -----  U_CHAR   -----  1
EXF2 . . . . . . . . . . . . . . . . .  ABSBIT   -----  BIT      00CEH  1
RD . . . . . . . . . . . . . . . . . .  ABSBIT   -----  BIT      00B7H  1
ES . . . . . . . . . . . . . . . . . .  ABSBIT   -----  BIT      00ACH  1
IP . . . . . . . . . . . . . . . . . .  SFR      DATA   U_CHAR   00B8H  1
RI . . . . . . . . . . . . . . . . . .  ABSBIT   -----  BIT      0098H  1
_sleep . . . . . . . . . . . . . . . .  PUBLIC   CODE   PROC     0000H  -----
  timeout. . . . . . . . . . . . . . .  * REG *  DATA   U_INT    0006H  2
INT0 . . . . . . . . . . . . . . . . .  ABSBIT   -----  BIT      00B2H  1
CY . . . . . . . . . . . . . . . . . .  ABSBIT   -----  BIT      00D7H  1
TI . . . . . . . . . . . . . . . . . .  ABSBIT   -----  BIT      0099H  1
INT1 . . . . . . . . . . . . . . . . .  ABSBIT   -----  BIT      00B3H  1
RCAP2H . . . . . . . . . . . . . . . .  SFR      DATA   U_CHAR   00CBH  1
PS . . . . . . . . . . . . . . . . . .  ABSBIT   -----  BIT      00BCH  1
SP . . . . . . . . . . . . . . . . . .  SFR      DATA   U_CHAR   0081H  1
T2EX . . . . . . . . . . . . . . . . .  ABSBIT   -----  BIT      0091H  1
OV . . . . . . . . . . . . . . . . . .  ABSBIT   -----  BIT      00D2H  1
RCAP2L . . . . . . . . . . . . . . . .  SFR      DATA   U_CHAR   00CAH  1
main . . . . . . . . . . . . . . . . .  PUBLIC   CODE   PROC     0000H  -----
C_T2 . . . . . . . . . . . . . . . . .  ABSBIT   -----  BIT      00C9H  1
WR . . . . . . . . . . . . . . . . . .  ABSBIT   -----  BIT      00B6H  1
RCLK . . . . . . . . . . . . . . . . .  ABSBIT   -----  BIT      00CDH  1
TCLK . . . . . . . . . . . . . . . . .  ABSBIT   -----  BIT      00CCH  1
GUNFIRE_HC595_RCLK . . . . . . . . . .  ABSBIT   -----  BIT      00B5H  1
SBUF . . . . . . . . . . . . . . . . .  SFR      DATA   U_CHAR   0099H  1
PCON . . . . . . . . . . . . . . . . .  SFR      DATA   U_CHAR   0087H  1
SCON . . . . . . . . . . . . . . . . .  SFR      DATA   U_CHAR   0098H  1
TMOD . . . . . . . . . . . . . . . . .  SFR      DATA   U_CHAR   0089H  1
TCON . . . . . . . . . . . . . . . . .  SFR      DATA   U_CHAR   0088H  1
_delay_10us. . . . . . . . . . . . . .  PUBLIC   CODE   PROC     0000H  -----
  ten_us . . . . . . . . . . . . . . .  * REG *  DATA   U_INT    0006H  2
IE0. . . . . . . . . . . . . . . . . .  ABSBIT   -----  BIT      0089H  1
IE1. . . . . . . . . . . . . . . . . .  ABSBIT   -----  BIT      008BH  1
gs32 . . . . . . . . . . . . . . . . .  TYPEDEF  -----  LONG     -----  4
B. . . . . . . . . . . . . . . . . . .  SFR      DATA   U_CHAR   00F0H  1
gu32 . . . . . . . . . . . . . . . . .  TYPEDEF  -----  U_LONG   -----  4
gs16 . . . . . . . . . . . . . . . . .  TYPEDEF  -----  INT      -----  2
C51 COMPILER V9.60.0.0   MAIN                                                              05/26/2022 07:16:19 PAGE 5   

NAME                                    CLASS   MSPACE  TYPE    OFFSET  SIZE
====                                    =====   ======  ====    ======  ====


gu16 . . . . . . . . . . . . . . . . .  TYPEDEF  -----  U_INT    -----  2
CP_RL2 . . . . . . . . . . . . . . . .  ABSBIT   -----  BIT      00C8H  1
ACC. . . . . . . . . . . . . . . . . .  SFR      DATA   U_CHAR   00E0H  1
ET0. . . . . . . . . . . . . . . . . .  ABSBIT   -----  BIT      00A9H  1
ET1. . . . . . . . . . . . . . . . . .  ABSBIT   -----  BIT      00ABH  1
TF0. . . . . . . . . . . . . . . . . .  ABSBIT   -----  BIT      008DH  1
ET2. . . . . . . . . . . . . . . . . .  ABSBIT   -----  BIT      00ADH  1
TF1. . . . . . . . . . . . . . . . . .  ABSBIT   -----  BIT      008FH  1
TF2. . . . . . . . . . . . . . . . . .  ABSBIT   -----  BIT      00CFH  1
RB8. . . . . . . . . . . . . . . . . .  ABSBIT   -----  BIT      009AH  1
TH0. . . . . . . . . . . . . . . . . .  SFR      DATA   U_CHAR   008CH  1
EX0. . . . . . . . . . . . . . . . . .  ABSBIT   -----  BIT      00A8H  1
IT0. . . . . . . . . . . . . . . . . .  ABSBIT   -----  BIT      0088H  1
TH1. . . . . . . . . . . . . . . . . .  SFR      DATA   U_CHAR   008DH  1
TB8. . . . . . . . . . . . . . . . . .  ABSBIT   -----  BIT      009BH  1
EX1. . . . . . . . . . . . . . . . . .  ABSBIT   -----  BIT      00AAH  1
IT1. . . . . . . . . . . . . . . . . .  ABSBIT   -----  BIT      008AH  1
TH2. . . . . . . . . . . . . . . . . .  SFR      DATA   U_CHAR   00CDH  1
P. . . . . . . . . . . . . . . . . . .  ABSBIT   -----  BIT      00D0H  1
SM0. . . . . . . . . . . . . . . . . .  ABSBIT   -----  BIT      009FH  1
TL0. . . . . . . . . . . . . . . . . .  SFR      DATA   U_CHAR   008AH  1
SM1. . . . . . . . . . . . . . . . . .  ABSBIT   -----  BIT      009EH  1
TL1. . . . . . . . . . . . . . . . . .  SFR      DATA   U_CHAR   008BH  1
SM2. . . . . . . . . . . . . . . . . .  ABSBIT   -----  BIT      009DH  1
TL2. . . . . . . . . . . . . . . . . .  SFR      DATA   U_CHAR   00CCH  1
_delay_ms. . . . . . . . . . . . . . .  PUBLIC   CODE   PROC     0000H  -----
  ms . . . . . . . . . . . . . . . . .  * REG *  DATA   U_INT    0006H  2
  i. . . . . . . . . . . . . . . . . .  * REG *  DATA   U_INT    0004H  2
  j. . . . . . . . . . . . . . . . . .  * REG *  DATA   U_INT    0002H  2
PT0. . . . . . . . . . . . . . . . . .  ABSBIT   -----  BIT      00B9H  1
PT1. . . . . . . . . . . . . . . . . .  ABSBIT   -----  BIT      00BBH  1
RS0. . . . . . . . . . . . . . . . . .  ABSBIT   -----  BIT      00D3H  1
PT2. . . . . . . . . . . . . . . . . .  ABSBIT   -----  BIT      00BDH  1
TR0. . . . . . . . . . . . . . . . . .  ABSBIT   -----  BIT      008CH  1
RS1. . . . . . . . . . . . . . . . . .  ABSBIT   -----  BIT      00D4H  1
TR1. . . . . . . . . . . . . . . . . .  ABSBIT   -----  BIT      008EH  1
TR2. . . . . . . . . . . . . . . . . .  ABSBIT   -----  BIT      00CAH  1
PX0. . . . . . . . . . . . . . . . . .  ABSBIT   -----  BIT      00B8H  1
PX1. . . . . . . . . . . . . . . . . .  ABSBIT   -----  BIT      00BAH  1
DPH. . . . . . . . . . . . . . . . . .  SFR      DATA   U_CHAR   0083H  1
DPL. . . . . . . . . . . . . . . . . .  SFR      DATA   U_CHAR   0082H  1
EXEN2. . . . . . . . . . . . . . . . .  ABSBIT   -----  BIT      00CBH  1
REN. . . . . . . . . . . . . . . . . .  ABSBIT   -----  BIT      009CH  1
T2CON. . . . . . . . . . . . . . . . .  SFR      DATA   U_CHAR   00C8H  1
GUNFIRE_HC595_SER. . . . . . . . . . .  ABSBIT   -----  BIT      00B4H  1
RXD. . . . . . . . . . . . . . . . . .  ABSBIT   -----  BIT      00B0H  1
GUNFIRE_DC_Motor . . . . . . . . . . .  ABSBIT   -----  BIT      0090H  1
TXD. . . . . . . . . . . . . . . . . .  ABSBIT   -----  BIT      00B1H  1
F0 . . . . . . . . . . . . . . . . . .  ABSBIT   -----  BIT      00D5H  1
PSW. . . . . . . . . . . . . . . . . .  SFR      DATA   U_CHAR   00D0H  1


MODULE INFORMATION:   STATIC OVERLAYABLE
   CODE SIZE        =     80    ----
   CONSTANT SIZE    =   ----    ----
   XDATA SIZE       =   ----    ----
   PDATA SIZE       =   ----    ----
   DATA SIZE        =   ----    ----
C51 COMPILER V9.60.0.0   MAIN                                                              05/26/2022 07:16:19 PAGE 6   

   IDATA SIZE       =   ----    ----
   BIT SIZE         =   ----    ----
   EDATA SIZE       =   ----    ----
   HDATA SIZE       =   ----    ----
   XDATA CONST SIZE =   ----    ----
   FAR CONST SIZE   =   ----    ----
END OF MODULE INFORMATION.


C51 COMPILATION COMPLETE.  0 WARNING(S),  0 ERROR(S)
